#
# A fatal error has been detected by the Java Runtime Environment:
#
#  EXCEPTION_PRIV_INSTRUCTION (0xc0000096) at pc=0x000000006a786ad9, pid=7568, tid=0x0000000000001cd4
#
# JRE version: Java(TM) SE Runtime Environment (8.0_281-b09) (build 1.8.0_281-b09)
# Java VM: Java HotSpot(TM) 64-Bit Server VM (25.281-b09 mixed mode windows-amd64 compressed oops)
# Problematic frame:
# V  [jvm.dll+0x296ad9]
#
# Failed to write core dump. Minidumps are not enabled by default on client versions of Windows
#
# If you would like to submit a bug report, please visit:
#   http://bugreport.java.com/bugreport/crash.jsp
#

---------------  T H R E A D  ---------------

Current thread (0x0000000058100000):  JavaThread "Daemon worker" [_thread_in_vm, id=7380, stack(0x0000000059c40000,0x0000000059d40000)]

siginfo: ExceptionCode=0xc0000096

Registers:
RAX=0x00000000ffffffff, RBX=0x0000000059d35280, RCX=0x0000000000000000, RDX=0x000000006ac78d20
RSP=0x0000000059d351c0, RBP=0x0000000000000000, RSI=0x0000000000007fe8, RDI=0x0000000000001cd4
R8 =0x00000000ffffffff, R9 =0x0000000059d35400, R10=0x0000000000000001, R11=0x0000000000000034
R12=0x0000000000000000, R13=0x0000000059d35a10, R14=0x0000000000000000, R15=0x000000000000000c
RIP=0x000000006a786ad9, EFLAGS=0x0000000000010246

Top of Stack: (sp=0x0000000059d351c0)
0x0000000059d351c0:   0000000058100000 0000000000369880
0x0000000059d351d0:   0000000000562928 0000000058100000
0x0000000059d351e0:   000000005422e150 000000006a5c55b9
0x0000000059d351f0:   00000000003f1400 000000006a627702
0x0000000059d35200:   000000005422e160 0000000058100000
0x0000000059d35210:   0000000059d35c20 000000005422e160
0x0000000059d35220:   0000000000000000 000000006a627655
0x0000000059d35230:   0000000058100000 00000000000006e0
0x0000000059d35240:   0000000059d35a10 000000006a782e62
0x0000000059d35250:   0000000058100000 000000006a54fc89
0x0000000059d35260:   000000005422e160 0000000000000000
0x0000000059d35270:   000000005422e150 000000006a5c59fc
0x0000000059d35280:   0000000000000006 00000000584bad90
0x0000000059d35290:   0000000000000800 0000000000007fd8
0x0000000059d352a0:   0000000000000032 000000006a5509bd
0x0000000059d352b0:   0000000058100000 0000000059d353b0 

Instructions: (pc=0x000000006a786ad9)
0x000000006a786ab9:   8b f8 0f 84 8f 00 00 00 41 b8 ff ff ff ff 48 8d
0x000000006a786ac9:   15 52 22 4f 00 33 c9 ff 15 32 27 4f 00 83 f8 ff
0x000000006a786ad9:   74 3a 0f 1f 44 00 00 80 3d b1 86 54 00 00 74 12
0x000000006a786ae9:   48 8b 0d b0 86 54 00 ba ff ff ff ff ff 15 25 96 


Register to memory mapping:

RAX=0x00000000ffffffff is an unallocated location in the heap
RBX=0x0000000059d35280 is pointing into the stack for thread: 0x0000000058100000
RCX=0x0000000000000000 is an unknown value
RDX=0x000000006ac78d20 is an unknown value
RSP=0x0000000059d351c0 is pointing into the stack for thread: 0x0000000058100000
RBP=0x0000000000000000 is an unknown value
RSI=0x0000000000007fe8 is an unknown value
RDI=0x0000000000001cd4 is an unknown value
R8 =0x00000000ffffffff is an unallocated location in the heap
R9 =0x0000000059d35400 is pointing into the stack for thread: 0x0000000058100000
R10=0x0000000000000001 is an unknown value
R11=0x0000000000000034 is an unknown value
R12=0x0000000000000000 is an unknown value
R13=0x0000000059d35a10 is pointing into the stack for thread: 0x0000000058100000
R14=0x0000000000000000 is an unknown value
R15=0x000000000000000c is an unknown value


Stack: [0x0000000059c40000,0x0000000059d40000],  sp=0x0000000059d351c0,  free space=980k
Native frames: (J=compiled Java code, j=interpreted, Vv=VM code, C=native code)

Java frames: (J=compiled Java code, j=interpreted, Vv=VM code)
J 864  java.lang.ClassLoader.defineClass1(Ljava/lang/String;[BIILjava/security/ProtectionDomain;Ljava/lang/String;)Ljava/lang/Class; (0 bytes) @ 0x000000000290d29f [0x000000000290d200+0x9f]
J 3010 C2 java.lang.ClassLoader.defineClass(Ljava/lang/String;[BIILjava/security/ProtectionDomain;)Ljava/lang/Class; (43 bytes) @ 0x0000000002fbcbfc [0x0000000002fbc700+0x4fc]
J 4381 C2 java.security.SecureClassLoader.defineClass(Ljava/lang/String;[BIILjava/security/CodeSource;)Ljava/lang/Class; (16 bytes) @ 0x000000000335c8b4 [0x000000000335c860+0x54]
J 3785 C2 java.net.URLClassLoader$1.run()Ljava/lang/Object; (5 bytes) @ 0x00000000032ab8bc [0x00000000032aa940+0xf7c]
v  ~StubRoutines::call_stub
J 472  java.security.AccessController.doPrivileged(Ljava/security/PrivilegedExceptionAction;Ljava/security/AccessControlContext;)Ljava/lang/Object; (0 bytes) @ 0x00000000027c5fe6 [0x00000000027c5f80+0x66]
J 1427 C2 java.net.URLClassLoader.findClass(Ljava/lang/String;)Ljava/lang/Class; (47 bytes) @ 0x00000000026d71dc [0x00000000026d7160+0x7c]
J 3262 C2 java.lang.ClassLoader.loadClass(Ljava/lang/String;Z)Ljava/lang/Class; (122 bytes) @ 0x0000000003101640 [0x00000000031012c0+0x380]
J 2245 C2 java.lang.ClassLoader.loadClass(Ljava/lang/String;)Ljava/lang/Class; (7 bytes) @ 0x0000000002cae570 [0x0000000002cae540+0x30]
v  ~StubRoutines::call_stub
j  com.google.wireless.android.sdk.stats.GradleBuildProject.<clinit>()V+0
v  ~StubRoutines::call_stub
j  com.android.builder.profile.ProcessProfileWriter$Project.<init>(J)V+12
j  com.android.builder.profile.ProcessProfileWriter$ProjectCacheLoader.load(Ljava/lang/String;)Lcom/android/builder/profile/ProcessProfileWriter$Project;+12
j  com.android.builder.profile.ProcessProfileWriter$ProjectCacheLoader.load(Ljava/lang/Object;)Ljava/lang/Object;+5
j  com.google.common.cache.LocalCache$LoadingValueReference.loadFuture(Ljava/lang/Object;Lcom/google/common/cache/CacheLoader;)Lcom/google/common/util/concurrent/ListenableFuture;+24
j  com.google.common.cache.LocalCache$Segment.loadSync(Ljava/lang/Object;ILcom/google/common/cache/LocalCache$LoadingValueReference;Lcom/google/common/cache/CacheLoader;)Ljava/lang/Object;+4
j  com.google.common.cache.LocalCache$Segment.lockedGetOrLoad(Ljava/lang/Object;ILcom/google/common/cache/CacheLoader;)Ljava/lang/Object;+393
j  com.google.common.cache.LocalCache$Segment.get(Ljava/lang/Object;ILcom/google/common/cache/CacheLoader;)Ljava/lang/Object;+138
j  com.google.common.cache.LocalCache.get(Ljava/lang/Object;Lcom/google/common/cache/CacheLoader;)Ljava/lang/Object;+17
j  com.google.common.cache.LocalCache.getOrLoad(Ljava/lang/Object;)Ljava/lang/Object;+6
j  com.google.common.cache.LocalCache$LocalLoadingCache.get(Ljava/lang/Object;)Ljava/lang/Object;+5
j  com.google.common.cache.LocalCache$LocalLoadingCache.getUnchecked(Ljava/lang/Object;)Ljava/lang/Object;+2
j  com.android.builder.profile.ProcessProfileWriter.getProject(Ljava/lang/String;)Lcom/google/wireless/android/sdk/stats/GradleBuildProject$Builder;+7
j  com.android.build.gradle.internal.plugins.BasePlugin.basePluginApply(Lorg/gradle/api/Project;)V+103
j  com.android.build.gradle.internal.plugins.BasePlugin.lambda$apply$0(Lorg/gradle/api/Project;)V+2
j  com.android.build.gradle.internal.plugins.BasePlugin$$Lambda$277.run()V+8
j  com.android.build.gradle.internal.crash.CrashReporting.runAction(Ljava/lang/Runnable;)V+8
j  com.android.build.gradle.internal.plugins.BasePlugin.apply(Lorg/gradle/api/Project;)V+7
j  com.android.build.gradle.internal.plugins.BasePlugin.apply(Ljava/lang/Object;)V+5
j  org.gradle.api.internal.plugins.ImperativeOnlyPluginTarget.applyImperative(Ljava/lang/String;Lorg/gradle/api/Plugin;)V+13
j  org.gradle.api.internal.plugins.RuleBasedPluginTarget.applyImperative(Ljava/lang/String;Lorg/gradle/api/Plugin;)V+6
j  org.gradle.api.internal.plugins.DefaultPluginManager.addPlugin(Ljava/lang/Runnable;Lorg/gradle/api/internal/plugins/PluginImplementation;Ljava/lang/String;Ljava/lang/Class;)V+52
j  org.gradle.api.internal.plugins.DefaultPluginManager.access$100(Lorg/gradle/api/internal/plugins/DefaultPluginManager;Ljava/lang/Runnable;Lorg/gradle/api/internal/plugins/PluginImplementation;Ljava/lang/String;Ljava/lang/Class;)V+6
j  org.gradle.api.internal.plugins.DefaultPluginManager$AddPluginBuildOperation.run(Lorg/gradle/internal/operations/BuildOperationContext;)V+20
j  org.gradle.internal.operations.DefaultBuildOperationRunner$1.execute(Lorg/gradle/internal/operations/RunnableBuildOperation;Lorg/gradle/internal/operations/BuildOperationContext;)V+2
j  org.gradle.internal.operations.DefaultBuildOperationRunner$1.execute(Lorg/gradle/internal/operations/BuildOperation;Lorg/gradle/internal/operations/BuildOperationContext;)V+6
j  org.gradle.internal.operations.DefaultBuildOperationRunner$3.execute(Lorg/gradle/internal/operations/BuildOperationDescriptor;Lorg/gradle/internal/operations/BuildOperationState;Lorg/gradle/internal/operations/BuildOperationState;Lorg/gradle/internal/operations/DefaultBuildOperationRunner$ReadableBuildOperationContext;Lorg/gradle/internal/operations/DefaultBuildOperationRunner$BuildOperationExecutionListener;)Lorg/gradle/internal/operations/BuildOperation;+22
j  org.gradle.internal.operations.DefaultBuildOperationRunner$3.execute(Lorg/gradle/internal/operations/BuildOperationDescriptor;Lorg/gradle/internal/operations/BuildOperationState;Lorg/gradle/internal/operations/BuildOperationState;Lorg/gradle/internal/operations/DefaultBuildOperationRunner$ReadableBuildOperationContext;Lorg/gradle/internal/operations/DefaultBuildOperationRunner$BuildOperationExecutionListener;)Ljava/lang/Object;+8
j  org.gradle.internal.operations.DefaultBuildOperationRunner.execute(Lorg/gradle/internal/operations/BuildOperationDescriptor$Builder;Lorg/gradle/internal/operations/BuildOperationState;Lorg/gradle/internal/operations/DefaultBuildOperationRunner$BuildOperationExecution;)Ljava/lang/Object;+134
j  org.gradle.internal.operations.DefaultBuildOperationRunner.execute(Lorg/gradle/internal/operations/BuildOperation;Lorg/gradle/internal/operations/BuildOperationWorker;Lorg/gradle/internal/operations/BuildOperationState;)V+18
j  org.gradle.internal.operations.DefaultBuildOperationRunner.run(Lorg/gradle/internal/operations/RunnableBuildOperation;)V+9
j  org.gradle.internal.operations.DefaultBuildOperationExecutor.lambda$run$1(Lorg/gradle/internal/operations/RunnableBuildOperation;Lorg/gradle/internal/operations/BuildOperationState;)V+5
j  org.gradle.internal.operations.DefaultBuildOperationExecutor$$Lambda$61.accept(Ljava/lang/Object;)V+12
j  org.gradle.internal.operations.UnmanagedBuildOperationWrapper.runWithUnmanagedSupport(Lorg/gradle/internal/operations/BuildOperationState;Ljava/util/function/Consumer;)V+8
j  org.gradle.internal.operations.DefaultBuildOperationExecutor.run(Lorg/gradle/internal/operations/RunnableBuildOperation;)V+15
j  org.gradle.api.internal.plugins.DefaultPluginManager.lambda$doApply$0(Ljava/lang/Runnable;Lorg/gradle/api/internal/plugins/PluginImplementation;Ljava/lang/String;Ljava/lang/Class;Lorg/gradle/configuration/internal/UserCodeApplicationId;)V+20
j  org.gradle.api.internal.plugins.DefaultPluginManager$$Lambda$149.execute(Ljava/lang/Object;)V+24
j  org.gradle.configuration.internal.DefaultUserCodeApplicationContext.apply(Lorg/gradle/internal/DisplayName;Lorg/gradle/api/Action;)V+37
j  org.gradle.api.internal.plugins.DefaultPluginManager.doApply(Lorg/gradle/api/internal/plugins/PluginImplementation;)V+132
j  org.gradle.api.internal.plugins.DefaultPluginManager.apply(Ljava/lang/String;)V+52
j  org.gradle.api.internal.plugins.DefaultObjectConfigurationAction.applyType(Ljava/lang/String;)V+43
j  org.gradle.api.internal.plugins.DefaultObjectConfigurationAction.access$200(Lorg/gradle/api/internal/plugins/DefaultObjectConfigurationAction;Ljava/lang/String;)V+2
j  org.gradle.api.internal.plugins.DefaultObjectConfigurationAction$3.run()V+8
j  org.gradle.api.internal.plugins.DefaultObjectConfigurationAction.execute()V+58
j  org.gradle.api.internal.project.AbstractPluginAware.apply(Ljava/util/Map;)V+12
j  com.android.build.gradle.AppPlugin.apply(Lorg/gradle/api/Project;)V+15
j  com.android.build.gradle.AppPlugin.apply(Ljava/lang/Object;)V+5
j  org.gradle.api.internal.plugins.ImperativeOnlyPluginTarget.applyImperative(Ljava/lang/String;Lorg/gradle/api/Plugin;)V+13
j  org.gradle.api.internal.plugins.RuleBasedPluginTarget.applyImperative(Ljava/lang/String;Lorg/gradle/api/Plugin;)V+6
j  org.gradle.api.internal.plugins.DefaultPluginManager.addPlugin(Ljava/lang/Runnable;Lorg/gradle/api/internal/plugins/PluginImplementation;Ljava/lang/String;Ljava/lang/Class;)V+52
j  org.gradle.api.internal.plugins.DefaultPluginManager.access$100(Lorg/gradle/api/internal/plugins/DefaultPluginManager;Ljava/lang/Runnable;Lorg/gradle/api/internal/plugins/PluginImplementation;Ljava/lang/String;Ljava/lang/Class;)V+6
j  org.gradle.api.internal.plugins.DefaultPluginManager$AddPluginBuildOperation.run(Lorg/gradle/internal/operations/BuildOperationContext;)V+20
j  org.gradle.internal.operations.DefaultBuildOperationRunner$1.execute(Lorg/gradle/internal/operations/RunnableBuildOperation;Lorg/gradle/internal/operations/BuildOperationContext;)V+2
j  org.gradle.internal.operations.DefaultBuildOperationRunner$1.execute(Lorg/gradle/internal/operations/BuildOperation;Lorg/gradle/internal/operations/BuildOperationContext;)V+6
j  org.gradle.internal.operations.DefaultBuildOperationRunner$3.execute(Lorg/gradle/internal/operations/BuildOperationDescriptor;Lorg/gradle/internal/operations/BuildOperationState;Lorg/gradle/internal/operations/BuildOperationState;Lorg/gradle/internal/operations/DefaultBuildOperationRunner$ReadableBuildOperationContext;Lorg/gradle/internal/operations/DefaultBuildOperationRunner$BuildOperationExecutionListener;)Lorg/gradle/internal/operations/BuildOperation;+22
j  org.gradle.internal.operations.DefaultBuildOperationRunner$3.execute(Lorg/gradle/internal/operations/BuildOperationDescriptor;Lorg/gradle/internal/operations/BuildOperationState;Lorg/gradle/internal/operations/BuildOperationState;Lorg/gradle/internal/operations/DefaultBuildOperationRunner$ReadableBuildOperationContext;Lorg/gradle/internal/operations/DefaultBuildOperationRunner$BuildOperationExecutionListener;)Ljava/lang/Object;+8
j  org.gradle.internal.operations.DefaultBuildOperationRunner.execute(Lorg/gradle/internal/operations/BuildOperationDescriptor$Builder;Lorg/gradle/internal/operations/BuildOperationState;Lorg/gradle/internal/operations/DefaultBuildOperationRunner$BuildOperationExecution;)Ljava/lang/Object;+134
j  org.gradle.internal.operations.DefaultBuildOperationRunner.execute(Lorg/gradle/internal/operations/BuildOperation;Lorg/gradle/internal/operations/BuildOperationWorker;Lorg/gradle/internal/operations/BuildOperationState;)V+18
j  org.gradle.internal.operations.DefaultBuildOperationRunner.run(Lorg/gradle/internal/operations/RunnableBuildOperation;)V+9
j  org.gradle.internal.operations.DefaultBuildOperationExecutor.lambda$run$1(Lorg/gradle/internal/operations/RunnableBuildOperation;Lorg/gradle/internal/operations/BuildOperationState;)V+5
j  org.gradle.internal.operations.DefaultBuildOperationExecutor$$Lambda$61.accept(Ljava/lang/Object;)V+12
j  org.gradle.internal.operations.UnmanagedBuildOperationWrapper.runWithUnmanagedSupport(Lorg/gradle/internal/operations/BuildOperationState;Ljava/util/function/Consumer;)V+8
j  org.gradle.internal.operations.DefaultBuildOperationExecutor.run(Lorg/gradle/internal/operations/RunnableBuildOperation;)V+15
j  org.gradle.api.internal.plugins.DefaultPluginManager.lambda$doApply$0(Ljava/lang/Runnable;Lorg/gradle/api/internal/plugins/PluginImplementation;Ljava/lang/String;Ljava/lang/Class;Lorg/gradle/configuration/internal/UserCodeApplicationId;)V+20
j  org.gradle.api.internal.plugins.DefaultPluginManager$$Lambda$149.execute(Ljava/lang/Object;)V+24
j  org.gradle.configuration.internal.DefaultUserCodeApplicationContext.apply(Lorg/gradle/internal/DisplayName;Lorg/gradle/api/Action;)V+37
j  org.gradle.api.internal.plugins.DefaultPluginManager.doApply(Lorg/gradle/api/internal/plugins/PluginImplementation;)V+132
j  org.gradle.api.internal.plugins.DefaultPluginManager.apply(Ljava/lang/String;)V+52
j  org.gradle.api.internal.plugins.DefaultObjectConfigurationAction.applyType(Ljava/lang/String;)V+43
j  org.gradle.api.internal.plugins.DefaultObjectConfigurationAction.access$200(Lorg/gradle/api/internal/plugins/DefaultObjectConfigurationAction;Ljava/lang/String;)V+2
j  org.gradle.api.internal.plugins.DefaultObjectConfigurationAction$3.run()V+8
j  org.gradle.api.internal.plugins.DefaultObjectConfigurationAction.execute()V+58
j  org.gradle.api.internal.project.AbstractPluginAware.apply(Ljava/util/Map;)V+12
j  org.gradle.api.internal.project.ProjectScript.apply(Ljava/util/Map;)V+5
j  org.gradle.api.Script$apply$0.callCurrent(Lgroovy/lang/GroovyObject;[Ljava/lang/Object;)Ljava/lang/Object;+19
j  org.codehaus.groovy.runtime.callsite.CallSiteArray.defaultCallCurrent(Lorg/codehaus/groovy/runtime/callsite/CallSite;Lgroovy/lang/GroovyObject;[Ljava/lang/Object;)Ljava/lang/Object;+17
j  org.codehaus.groovy.runtime.callsite.AbstractCallSite.callCurrent(Lgroovy/lang/GroovyObject;[Ljava/lang/Object;)Ljava/lang/Object;+3
j  org.codehaus.groovy.runtime.callsite.AbstractCallSite.callCurrent(Lgroovy/lang/GroovyObject;Ljava/lang/Object;)Ljava/lang/Object;+33
j  build_472io05qw4blkn9sfrezzp4rb.run()Ljava/lang/Object;+26
j  org.gradle.groovy.scripts.internal.DefaultScriptRunnerFactory$ScriptRunnerImpl.run(Ljava/lang/Object;Lorg/gradle/internal/service/ServiceRegistry;)V+57
j  org.gradle.configuration.DefaultScriptPluginFactory$ScriptPluginImpl.lambda$apply$0(Lorg/gradle/groovy/scripts/ScriptRunner;Ljava/lang/Object;Lorg/gradle/internal/service/DefaultServiceRegistry;)V+3
j  org.gradle.configuration.DefaultScriptPluginFactory$ScriptPluginImpl$$Lambda$131.run()V+12
j  org.gradle.configuration.ProjectScriptTarget.addConfiguration(Ljava/lang/Runnable;Z)V+18
j  org.gradle.configuration.DefaultScriptPluginFactory$ScriptPluginImpl.apply(Ljava/lang/Object;)V+368
j  org.gradle.configuration.BuildOperationScriptPlugin$1.run(Lorg/gradle/internal/operations/BuildOperationContext;)V+11
j  org.gradle.internal.operations.DefaultBuildOperationRunner$1.execute(Lorg/gradle/internal/operations/RunnableBuildOperation;Lorg/gradle/internal/operations/BuildOperationContext;)V+2
j  org.gradle.internal.operations.DefaultBuildOperationRunner$1.execute(Lorg/gradle/internal/operations/BuildOperation;Lorg/gradle/internal/operations/BuildOperationContext;)V+6
j  org.gradle.internal.operations.DefaultBuildOperationRunner$3.execute(Lorg/gradle/internal/operations/BuildOperationDescriptor;Lorg/gradle/internal/operations/BuildOperationState;Lorg/gradle/internal/operations/BuildOperationState;Lorg/gradle/internal/operations/DefaultBuildOperationRunner$ReadableBuildOperationContext;Lorg/gradle/internal/operations/DefaultBuildOperationRunner$BuildOperationExecutionListener;)Lorg/gradle/internal/operations/BuildOperation;+22
j  org.gradle.internal.operations.DefaultBuildOperationRunner$3.execute(Lorg/gradle/internal/operations/BuildOperationDescriptor;Lorg/gradle/internal/operations/BuildOperationState;Lorg/gradle/internal/operations/BuildOperationState;Lorg/gradle/internal/operations/DefaultBuildOperationRunner$ReadableBuildOperationContext;Lorg/gradle/internal/operations/DefaultBuildOperationRunner$BuildOperationExecutionListener;)Ljava/lang/Object;+8
j  org.gradle.internal.operations.DefaultBuildOperationRunner.execute(Lorg/gradle/internal/operations/BuildOperationDescriptor$Builder;Lorg/gradle/internal/operations/BuildOperationState;Lorg/gradle/internal/operations/DefaultBuildOperationRunner$BuildOperationExecution;)Ljava/lang/Object;+134
j  org.gradle.internal.operations.DefaultBuildOperationRunner.execute(Lorg/gradle/internal/operations/BuildOperation;Lorg/gradle/internal/operations/BuildOperationWorker;Lorg/gradle/internal/operations/BuildOperationState;)V+18
j  org.gradle.internal.operations.DefaultBuildOperationRunner.run(Lorg/gradle/internal/operations/RunnableBuildOperation;)V+9
j  org.gradle.internal.operations.DefaultBuildOperationExecutor.lambda$run$1(Lorg/gradle/internal/operations/RunnableBuildOperation;Lorg/gradle/internal/operations/BuildOperationState;)V+5
j  org.gradle.internal.operations.DefaultBuildOperationExecutor$$Lambda$61.accept(Ljava/lang/Object;)V+12
j  org.gradle.internal.operations.UnmanagedBuildOperationWrapper.runWithUnmanagedSupport(Lorg/gradle/internal/operations/BuildOperationState;Ljava/util/function/Consumer;)V+8
j  org.gradle.internal.operations.DefaultBuildOperationExecutor.run(Lorg/gradle/internal/operations/RunnableBuildOperation;)V+15
j  org.gradle.configuration.BuildOperationScriptPlugin.lambda$apply$0(Ljava/lang/Object;Lorg/gradle/configuration/internal/UserCodeApplicationId;)V+14
j  org.gradle.configuration.BuildOperationScriptPlugin$$Lambda$104.execute(Ljava/lang/Object;)V+12
j  org.gradle.configuration.internal.DefaultUserCodeApplicationContext.apply(Lorg/gradle/internal/DisplayName;Lorg/gradle/api/Action;)V+37
j  org.gradle.configuration.BuildOperationScriptPlugin.apply(Ljava/lang/Object;)V+61
j  org.gradle.configuration.project.BuildScriptProcessor$$Lambda$156.accept(Ljava/lang/Object;)V+8
j  org.gradle.api.internal.project.DefaultProjectStateRegistry$ProjectStateImpl.lambda$applyToMutableState$0(Ljava/util/function/Consumer;Lorg/gradle/api/internal/project/ProjectInternal;)Ljava/lang/Object;+2
j  org.gradle.api.internal.project.DefaultProjectStateRegistry$ProjectStateImpl$$Lambda$147.apply(Ljava/lang/Object;)Ljava/lang/Object;+8
j  org.gradle.api.internal.project.DefaultProjectStateRegistry$ProjectStateImpl.fromMutableState(Ljava/util/function/Function;)Ljava/lang/Object;+150
j  org.gradle.api.internal.project.DefaultProjectStateRegistry$ProjectStateImpl.applyToMutableState(Ljava/util/function/Consumer;)V+7
j  org.gradle.configuration.project.BuildScriptProcessor.execute(Lorg/gradle/api/internal/project/ProjectInternal;)V+89
j  org.gradle.configuration.project.BuildScriptProcessor.execute(Ljava/lang/Object;)V+5
j  org.gradle.configuration.project.ConfigureActionsProjectEvaluator.evaluate(Lorg/gradle/api/internal/project/ProjectInternal;Lorg/gradle/api/internal/project/ProjectStateInternal;)V+33
j  org.gradle.configuration.project.LifecycleProjectEvaluator$EvaluateProject.lambda$run$0(Lorg/gradle/internal/operations/BuildOperationContext;Lorg/gradle/api/internal/project/ProjectInternal;)V+67
j  org.gradle.configuration.project.LifecycleProjectEvaluator$EvaluateProject$$Lambda$146.accept(Ljava/lang/Object;)V+12
j  org.gradle.api.internal.project.DefaultProjectStateRegistry$ProjectStateImpl.lambda$applyToMutableState$0(Ljava/util/function/Consumer;Lorg/gradle/api/internal/project/ProjectInternal;)Ljava/lang/Object;+2
j  org.gradle.api.internal.project.DefaultProjectStateRegistry$ProjectStateImpl$$Lambda$147.apply(Ljava/lang/Object;)Ljava/lang/Object;+8
j  org.gradle.api.internal.project.DefaultProjectStateRegistry$ProjectStateImpl.lambda$withProjectLock$3(Ljava/util/function/Function;)Ljava/lang/Object;+5
j  org.gradle.api.internal.project.DefaultProjectStateRegistry$ProjectStateImpl$$Lambda$148.create()Ljava/lang/Object;+8
j  org.gradle.internal.work.DefaultWorkerLeaseService.withLocks(Ljava/lang/Iterable;Lorg/gradle/internal/Factory;)Ljava/lang/Object;+26
j  org.gradle.api.internal.project.DefaultProjectStateRegistry$ProjectStateImpl.withProjectLock(Lorg/gradle/internal/resources/ResourceLock;Ljava/util/function/Function;)Ljava/lang/Object;+18
j  org.gradle.api.internal.project.DefaultProjectStateRegistry$ProjectStateImpl.fromMutableState(Ljava/util/function/Function;)Ljava/lang/Object;+235
j  org.gradle.api.internal.project.DefaultProjectStateRegistry$ProjectStateImpl.applyToMutableState(Ljava/util/function/Consumer;)V+7
j  org.gradle.configuration.project.LifecycleProjectEvaluator$EvaluateProject.run(Lorg/gradle/internal/operations/BuildOperationContext;)V+16
j  org.gradle.internal.operations.DefaultBuildOperationRunner$1.execute(Lorg/gradle/internal/operations/RunnableBuildOperation;Lorg/gradle/internal/operations/BuildOperationContext;)V+2
j  org.gradle.internal.operations.DefaultBuildOperationRunner$1.execute(Lorg/gradle/internal/operations/BuildOperation;Lorg/gradle/internal/operations/BuildOperationContext;)V+6
j  org.gradle.internal.operations.DefaultBuildOperationRunner$3.execute(Lorg/gradle/internal/operations/BuildOperationDescriptor;Lorg/gradle/internal/operations/BuildOperationState;Lorg/gradle/internal/operations/BuildOperationState;Lorg/gradle/internal/operations/DefaultBuildOperationRunner$ReadableBuildOperationContext;Lorg/gradle/internal/operations/DefaultBuildOperationRunner$BuildOperationExecutionListener;)Lorg/gradle/internal/operations/BuildOperation;+22
j  org.gradle.internal.operations.DefaultBuildOperationRunner$3.execute(Lorg/gradle/internal/operations/BuildOperationDescriptor;Lorg/gradle/internal/operations/BuildOperationState;Lorg/gradle/internal/operations/BuildOperationState;Lorg/gradle/internal/operations/DefaultBuildOperationRunner$ReadableBuildOperationContext;Lorg/gradle/internal/operations/DefaultBuildOperationRunner$BuildOperationExecutionListener;)Ljava/lang/Object;+8
j  org.gradle.internal.operations.DefaultBuildOperationRunner.execute(Lorg/gradle/internal/operations/BuildOperationDescriptor$Builder;Lorg/gradle/internal/operations/BuildOperationState;Lorg/gradle/internal/operations/DefaultBuildOperationRunner$BuildOperationExecution;)Ljava/lang/Object;+134
j  org.gradle.internal.operations.DefaultBuildOperationRunner.execute(Lorg/gradle/internal/operations/BuildOperation;Lorg/gradle/internal/operations/BuildOperationWorker;Lorg/gradle/internal/operations/BuildOperationState;)V+18
j  org.gradle.internal.operations.DefaultBuildOperationRunner.run(Lorg/gradle/internal/operations/RunnableBuildOperation;)V+9
j  org.gradle.internal.operations.DefaultBuildOperationExecutor.lambda$run$1(Lorg/gradle/internal/operations/RunnableBuildOperation;Lorg/gradle/internal/operations/BuildOperationState;)V+5
j  org.gradle.internal.operations.DefaultBuildOperationExecutor$$Lambda$61.accept(Ljava/lang/Object;)V+12
j  org.gradle.internal.operations.UnmanagedBuildOperationWrapper.runWithUnmanagedSupport(Lorg/gradle/internal/operations/BuildOperationState;Ljava/util/function/Consumer;)V+8
j  org.gradle.internal.operations.DefaultBuildOperationExecutor.run(Lorg/gradle/internal/operations/RunnableBuildOperation;)V+15
j  org.gradle.configuration.project.LifecycleProjectEvaluator.evaluate(Lorg/gradle/api/internal/project/ProjectInternal;Lorg/gradle/api/internal/project/ProjectStateInternal;)V+22
j  org.gradle.api.internal.project.DefaultProject.evaluate()Lorg/gradle/api/internal/project/DefaultProject;+9
j  org.gradle.api.internal.project.DefaultProject.evaluate()Lorg/gradle/api/Project;+1
j  org.gradle.execution.TaskPathProjectEvaluator.configure(Lorg/gradle/api/internal/project/ProjectInternal;)V+21
j  org.gradle.execution.TaskPathProjectEvaluator.configureHierarchy(Lorg/gradle/api/internal/project/ProjectInternal;)V+41
j  org.gradle.configuration.DefaultProjectsPreparer.prepareProjects(Lorg/gradle/api/internal/GradleInternal;)V+45
j  org.gradle.configuration.BuildTreePreparingProjectsPreparer.prepareProjects(Lorg/gradle/api/internal/GradleInternal;)V+85
j  org.gradle.configuration.BuildOperationFiringProjectsPreparer$ConfigureBuild.run(Lorg/gradle/internal/operations/BuildOperationContext;)V+11
j  org.gradle.internal.operations.DefaultBuildOperationRunner$1.execute(Lorg/gradle/internal/operations/RunnableBuildOperation;Lorg/gradle/internal/operations/BuildOperationContext;)V+2
j  org.gradle.internal.operations.DefaultBuildOperationRunner$1.execute(Lorg/gradle/internal/operations/BuildOperation;Lorg/gradle/internal/operations/BuildOperationContext;)V+6
j  org.gradle.internal.operations.DefaultBuildOperationRunner$3.execute(Lorg/gradle/internal/operations/BuildOperationDescriptor;Lorg/gradle/internal/operations/BuildOperationState;Lorg/gradle/internal/operations/BuildOperationState;Lorg/gradle/internal/operations/DefaultBuildOperationRunner$ReadableBuildOperationContext;Lorg/gradle/internal/operations/DefaultBuildOperationRunner$BuildOperationExecutionListener;)Lorg/gradle/internal/operations/BuildOperation;+22
j  org.gradle.internal.operations.DefaultBuildOperationRunner$3.execute(Lorg/gradle/internal/operations/BuildOperationDescriptor;Lorg/gradle/internal/operations/BuildOperationState;Lorg/gradle/internal/operations/BuildOperationState;Lorg/gradle/internal/operations/DefaultBuildOperationRunner$ReadableBuildOperationContext;Lorg/gradle/internal/operations/DefaultBuildOperationRunner$BuildOperationExecutionListener;)Ljava/lang/Object;+8
j  org.gradle.internal.operations.DefaultBuildOperationRunner.execute(Lorg/gradle/internal/operations/BuildOperationDescriptor$Builder;Lorg/gradle/internal/operations/BuildOperationState;Lorg/gradle/internal/operations/DefaultBuildOperationRunner$BuildOperationExecution;)Ljava/lang/Object;+134
j  org.gradle.internal.operations.DefaultBuildOperationRunner.execute(Lorg/gradle/internal/operations/BuildOperation;Lorg/gradle/internal/operations/BuildOperationWorker;Lorg/gradle/internal/operations/BuildOperationState;)V+18
j  org.gradle.internal.operations.DefaultBuildOperationRunner.run(Lorg/gradle/internal/operations/RunnableBuildOperation;)V+9
j  org.gradle.internal.operations.DefaultBuildOperationExecutor.lambda$run$1(Lorg/gradle/internal/operations/RunnableBuildOperation;Lorg/gradle/internal/operations/BuildOperationState;)V+5
j  org.gradle.internal.operations.DefaultBuildOperationExecutor$$Lambda$61.accept(Ljava/lang/Object;)V+12
j  org.gradle.internal.operations.UnmanagedBuildOperationWrapper.runWithUnmanagedSupport(Lorg/gradle/internal/operations/BuildOperationState;Ljava/util/function/Consumer;)V+8
j  org.gradle.internal.operations.DefaultBuildOperationExecutor.run(Lorg/gradle/internal/operations/RunnableBuildOperation;)V+15
j  org.gradle.configuration.BuildOperationFiringProjectsPreparer.prepareProjects(Lorg/gradle/api/internal/GradleInternal;)V+13
j  org.gradle.initialization.DefaultGradleLauncher.prepareProjects()V+18
j  org.gradle.initialization.DefaultGradleLauncher.doClassicBuildStages(Lorg/gradle/initialization/DefaultGradleLauncher$Stage;)V+29
j  org.gradle.initialization.DefaultGradleLauncher.doBuildStages(Lorg/gradle/initialization/DefaultGradleLauncher$Stage;)V+80
j  org.gradle.initialization.DefaultGradleLauncher.executeTasks()Lorg/gradle/api/internal/GradleInternal;+4
j  org.gradle.internal.invocation.GradleBuildController$$Lambda$59.execute(Ljava/lang/Object;)V+4
j  org.gradle.internal.invocation.GradleBuildController$1.create()Lorg/gradle/api/internal/GradleInternal;+21
j  org.gradle.internal.invocation.GradleBuildController$1.create()Ljava/lang/Object;+1
j  org.gradle.internal.work.DefaultWorkerLeaseService.withLocks(Ljava/lang/Iterable;Lorg/gradle/internal/Factory;)Ljava/lang/Object;+26
j  org.gradle.internal.invocation.GradleBuildController.doBuild(Lorg/gradle/api/Action;)Lorg/gradle/api/internal/GradleInternal;+25
j  org.gradle.internal.invocation.GradleBuildController.run()Lorg/gradle/api/internal/GradleInternal;+6
j  org.gradle.tooling.internal.provider.ExecuteBuildActionRunner.run(Lorg/gradle/internal/invocation/BuildAction;Lorg/gradle/internal/invocation/BuildController;)Lorg/gradle/internal/invocation/BuildActionRunner$Result;+12
j  org.gradle.launcher.exec.ChainingBuildActionRunner.run(Lorg/gradle/internal/invocation/BuildAction;Lorg/gradle/internal/invocation/BuildController;)Lorg/gradle/internal/invocation/BuildActionRunner$Result;+34
j  org.gradle.launcher.exec.BuildOutcomeReportingBuildActionRunner.run(Lorg/gradle/internal/invocation/BuildAction;Lorg/gradle/internal/invocation/BuildController;)Lorg/gradle/internal/invocation/BuildActionRunner$Result;+143
j  org.gradle.tooling.internal.provider.ValidatingBuildActionRunner.run(Lorg/gradle/internal/invocation/BuildAction;Lorg/gradle/internal/invocation/BuildController;)Lorg/gradle/internal/invocation/BuildActionRunner$Result;+6
j  org.gradle.tooling.internal.provider.FileSystemWatchingBuildActionRunner.run(Lorg/gradle/internal/invocation/BuildAction;Lorg/gradle/internal/invocation/BuildController;)Lorg/gradle/internal/invocation/BuildActionRunner$Result;+161
j  org.gradle.launcher.exec.BuildCompletionNotifyingBuildActionRunner.run(Lorg/gradle/internal/invocation/BuildAction;Lorg/gradle/internal/invocation/BuildController;)Lorg/gradle/internal/invocation/BuildActionRunner$Result;+28
j  org.gradle.launcher.exec.RunAsBuildOperationBuildActionRunner$3.call(Lorg/gradle/internal/operations/BuildOperationContext;)Lorg/gradle/internal/invocation/BuildActionRunner$Result;+71
j  org.gradle.launcher.exec.RunAsBuildOperationBuildActionRunner$3.call(Lorg/gradle/internal/operations/BuildOperationContext;)Ljava/lang/Object;+2
j  org.gradle.internal.operations.DefaultBuildOperationRunner$CallableBuildOperationWorker.execute(Lorg/gradle/internal/operations/CallableBuildOperation;Lorg/gradle/internal/operations/BuildOperationContext;)V+3
j  org.gradle.internal.operations.DefaultBuildOperationRunner$CallableBuildOperationWorker.execute(Lorg/gradle/internal/operations/BuildOperation;Lorg/gradle/internal/operations/BuildOperationContext;)V+6
j  org.gradle.internal.operations.DefaultBuildOperationRunner$3.execute(Lorg/gradle/internal/operations/BuildOperationDescriptor;Lorg/gradle/internal/operations/BuildOperationState;Lorg/gradle/internal/operations/BuildOperationState;Lorg/gradle/internal/operations/DefaultBuildOperationRunner$ReadableBuildOperationContext;Lorg/gradle/internal/operations/DefaultBuildOperationRunner$BuildOperationExecutionListener;)Lorg/gradle/internal/operations/BuildOperation;+22
j  org.gradle.internal.operations.DefaultBuildOperationRunner$3.execute(Lorg/gradle/internal/operations/BuildOperationDescriptor;Lorg/gradle/internal/operations/BuildOperationState;Lorg/gradle/internal/operations/BuildOperationState;Lorg/gradle/internal/operations/DefaultBuildOperationRunner$ReadableBuildOperationContext;Lorg/gradle/internal/operations/DefaultBuildOperationRunner$BuildOperationExecutionListener;)Ljava/lang/Object;+8
j  org.gradle.internal.operations.DefaultBuildOperationRunner.execute(Lorg/gradle/internal/operations/BuildOperationDescriptor$Builder;Lorg/gradle/internal/operations/BuildOperationState;Lorg/gradle/internal/operations/DefaultBuildOperationRunner$BuildOperationExecution;)Ljava/lang/Object;+134
j  org.gradle.internal.operations.DefaultBuildOperationRunner.execute(Lorg/gradle/internal/operations/BuildOperation;Lorg/gradle/internal/operations/BuildOperationWorker;Lorg/gradle/internal/operations/BuildOperationState;)V+18
j  org.gradle.internal.operations.DefaultBuildOperationRunner.call(Lorg/gradle/internal/operations/CallableBuildOperation;)Ljava/lang/Object;+16
j  org.gradle.internal.operations.DefaultBuildOperationExecutor.lambda$call$2(Lorg/gradle/internal/operations/CallableBuildOperation;Lorg/gradle/internal/operations/BuildOperationState;)Ljava/lang/Object;+5
j  org.gradle.internal.operations.DefaultBuildOperationExecutor$$Lambda$57.apply(Ljava/lang/Object;)Ljava/lang/Object;+12
j  org.gradle.internal.operations.UnmanagedBuildOperationWrapper.callWithUnmanagedSupport(Lorg/gradle/internal/operations/BuildOperationState;Ljava/util/function/Function;)Ljava/lang/Object;+8
j  org.gradle.internal.operations.DefaultBuildOperationExecutor.call(Lorg/gradle/internal/operations/CallableBuildOperation;)Ljava/lang/Object;+15
j  org.gradle.launcher.exec.RunAsBuildOperationBuildActionRunner.run(Lorg/gradle/internal/invocation/BuildAction;Lorg/gradle/internal/invocation/BuildController;)Lorg/gradle/internal/invocation/BuildActionRunner$Result;+33
j  org.gradle.launcher.exec.InProcessBuildActionExecuter.lambda$execute$0(Lorg/gradle/internal/invocation/BuildAction;Lorg/gradle/internal/invocation/BuildController;)Lorg/gradle/launcher/exec/BuildActionResult;+6
j  org.gradle.launcher.exec.InProcessBuildActionExecuter$$Lambda$56.transform(Ljava/lang/Object;)Ljava/lang/Object;+12
j  org.gradle.composite.internal.DefaultRootBuildState.run(Lorg/gradle/api/Transformer;)Ljava/lang/Object;+43
j  org.gradle.launcher.exec.InProcessBuildActionExecuter.execute(Lorg/gradle/internal/invocation/BuildAction;Lorg/gradle/launcher/exec/BuildActionParameters;Lorg/gradle/internal/buildtree/BuildTreeContext;)Lorg/gradle/launcher/exec/BuildActionResult;+39
j  org.gradle.launcher.exec.InProcessBuildActionExecuter.execute(Lorg/gradle/internal/invocation/BuildAction;Ljava/lang/Object;Ljava/lang/Object;)Lorg/gradle/launcher/exec/BuildActionResult;+10
j  org.gradle.launcher.exec.BuildTreeScopeLifecycleBuildActionExecuter.lambda$execute$0(Lorg/gradle/internal/invocation/BuildAction;Lorg/gradle/launcher/exec/BuildActionParameters;Lorg/gradle/internal/buildtree/BuildTreeContext;)Lorg/gradle/launcher/exec/BuildActionResult;+19
j  org.gradle.launcher.exec.BuildTreeScopeLifecycleBuildActionExecuter$$Lambda$16.apply(Ljava/lang/Object;)Ljava/lang/Object;+12
j  org.gradle.internal.buildtree.BuildTreeState.run(Ljava/util/function/Function;)Ljava/lang/Object;+7
j  org.gradle.launcher.exec.BuildTreeScopeLifecycleBuildActionExecuter.execute(Lorg/gradle/internal/invocation/BuildAction;Lorg/gradle/launcher/exec/BuildActionParameters;Lorg/gradle/internal/session/BuildSessionContext;)Lorg/gradle/launcher/exec/BuildActionResult;+46
j  org.gradle.launcher.exec.BuildTreeScopeLifecycleBuildActionExecuter.execute(Lorg/gradle/internal/invocation/BuildAction;Ljava/lang/Object;Ljava/lang/Object;)Lorg/gradle/launcher/exec/BuildActionResult;+10
j  org.gradle.tooling.internal.provider.ContinuousBuildActionExecuter.execute(Lorg/gradle/internal/invocation/BuildAction;Lorg/gradle/launcher/exec/BuildActionParameters;Lorg/gradle/internal/session/BuildSessionContext;)Lorg/gradle/launcher/exec/BuildActionResult;+59
j  org.gradle.tooling.internal.provider.ContinuousBuildActionExecuter.execute(Lorg/gradle/internal/invocation/BuildAction;Ljava/lang/Object;Ljava/lang/Object;)Lorg/gradle/launcher/exec/BuildActionResult;+10
j  org.gradle.tooling.internal.provider.SubscribableBuildActionExecuter.execute(Lorg/gradle/internal/invocation/BuildAction;Lorg/gradle/launcher/exec/BuildActionParameters;Lorg/gradle/internal/session/BuildSessionContext;)Lorg/gradle/launcher/exec/BuildActionResult;+33
j  org.gradle.tooling.internal.provider.SubscribableBuildActionExecuter.execute(Lorg/gradle/internal/invocation/BuildAction;Ljava/lang/Object;Ljava/lang/Object;)Lorg/gradle/launcher/exec/BuildActionResult;+10
j  org.gradle.tooling.internal.provider.SessionScopeLifecycleBuildActionExecuter.lambda$execute$0(Lorg/gradle/internal/invocation/BuildAction;Lorg/gradle/launcher/exec/BuildActionParameters;Lorg/gradle/internal/session/BuildSessionContext;)Lorg/gradle/launcher/exec/BuildActionResult;+52
j  org.gradle.tooling.internal.provider.SessionScopeLifecycleBuildActionExecuter$$Lambda$10.apply(Ljava/lang/Object;)Ljava/lang/Object;+12
j  org.gradle.internal.session.BuildSessionState.run(Ljava/util/function/Function;)Ljava/lang/Object;+9
j  org.gradle.tooling.internal.provider.SessionScopeLifecycleBuildActionExecuter.execute(Lorg/gradle/internal/invocation/BuildAction;Lorg/gradle/launcher/exec/BuildActionParameters;Lorg/gradle/initialization/BuildRequestContext;)Lorg/gradle/launcher/exec/BuildActionResult;+74
j  org.gradle.tooling.internal.provider.SessionScopeLifecycleBuildActionExecuter.execute(Lorg/gradle/internal/invocation/BuildAction;Ljava/lang/Object;Ljava/lang/Object;)Lorg/gradle/launcher/exec/BuildActionResult;+10
j  org.gradle.tooling.internal.provider.GradleThreadBuildActionExecuter.execute(Lorg/gradle/internal/invocation/BuildAction;Lorg/gradle/launcher/exec/BuildActionParameters;Lorg/gradle/initialization/BuildRequestContext;)Lorg/gradle/launcher/exec/BuildActionResult;+10
j  org.gradle.tooling.internal.provider.GradleThreadBuildActionExecuter.execute(Lorg/gradle/internal/invocation/BuildAction;Ljava/lang/Object;Ljava/lang/Object;)Lorg/gradle/launcher/exec/BuildActionResult;+10
j  org.gradle.tooling.internal.provider.StartParamsValidatingActionExecuter.execute(Lorg/gradle/internal/invocation/BuildAction;Lorg/gradle/launcher/exec/BuildActionParameters;Lorg/gradle/initialization/BuildRequestContext;)Lorg/gradle/launcher/exec/BuildActionResult;+175
j  org.gradle.tooling.internal.provider.StartParamsValidatingActionExecuter.execute(Lorg/gradle/internal/invocation/BuildAction;Ljava/lang/Object;Ljava/lang/Object;)Lorg/gradle/launcher/exec/BuildActionResult;+10
j  org.gradle.tooling.internal.provider.SessionFailureReportingActionExecuter.execute(Lorg/gradle/internal/invocation/BuildAction;Lorg/gradle/launcher/exec/BuildActionParameters;Lorg/gradle/initialization/BuildRequestContext;)Lorg/gradle/launcher/exec/BuildActionResult;+7
j  org.gradle.tooling.internal.provider.SessionFailureReportingActionExecuter.execute(Lorg/gradle/internal/invocation/BuildAction;Ljava/lang/Object;Ljava/lang/Object;)Lorg/gradle/launcher/exec/BuildActionResult;+10
j  org.gradle.tooling.internal.provider.SetupLoggingActionExecuter.execute(Lorg/gradle/internal/invocation/BuildAction;Lorg/gradle/launcher/exec/BuildActionParameters;Lorg/gradle/initialization/BuildRequestContext;)Lorg/gradle/launcher/exec/BuildActionResult;+50
j  org.gradle.tooling.internal.provider.SetupLoggingActionExecuter.execute(Lorg/gradle/internal/invocation/BuildAction;Ljava/lang/Object;Ljava/lang/Object;)Lorg/gradle/launcher/exec/BuildActionResult;+10
j  org.gradle.launcher.daemon.server.exec.ExecuteBuild.doBuild(Lorg/gradle/launcher/daemon/server/api/DaemonCommandExecution;Lorg/gradle/launcher/daemon/protocol/Build;)V+114
j  org.gradle.launcher.daemon.server.exec.BuildCommandOnly.execute(Lorg/gradle/launcher/daemon/server/api/DaemonCommandExecution;)V+49
j  org.gradle.launcher.daemon.server.api.DaemonCommandExecution.proceed()Z+23
j  org.gradle.launcher.daemon.server.exec.WatchForDisconnection.execute(Lorg/gradle/launcher/daemon/server/api/DaemonCommandExecution;)V+19
j  org.gradle.launcher.daemon.server.api.DaemonCommandExecution.proceed()Z+23
j  org.gradle.launcher.daemon.server.exec.ResetDeprecationLogger.execute(Lorg/gradle/launcher/daemon/server/api/DaemonCommandExecution;)V+7
j  org.gradle.launcher.daemon.server.api.DaemonCommandExecution.proceed()Z+23
j  org.gradle.launcher.daemon.server.exec.RequestStopIfSingleUsedDaemon.execute(Lorg/gradle/launcher/daemon/server/api/DaemonCommandExecution;)V+33
j  org.gradle.launcher.daemon.server.api.DaemonCommandExecution.proceed()Z+23
j  org.gradle.launcher.daemon.server.exec.ForwardClientInput$2.create()Ljava/lang/Void;+4
j  org.gradle.launcher.daemon.server.exec.ForwardClientInput$2.create()Ljava/lang/Object;+1
j  org.gradle.util.Swapper.swap(Ljava/lang/Object;Lorg/gradle/internal/Factory;)Ljava/lang/Object;+21
j  org.gradle.launcher.daemon.server.exec.ForwardClientInput.execute(Lorg/gradle/launcher/daemon/server/api/DaemonCommandExecution;)V+63
j  org.gradle.launcher.daemon.server.api.DaemonCommandExecution.proceed()Z+23
j  org.gradle.launcher.daemon.server.exec.LogAndCheckHealth.execute(Lorg/gradle/launcher/daemon/server/api/DaemonCommandExecution;)V+28
j  org.gradle.launcher.daemon.server.api.DaemonCommandExecution.proceed()Z+23
j  org.gradle.launcher.daemon.server.exec.LogToClient.doBuild(Lorg/gradle/launcher/daemon/server/api/DaemonCommandExecution;Lorg/gradle/launcher/daemon/protocol/Build;)V+87
j  org.gradle.launcher.daemon.server.exec.BuildCommandOnly.execute(Lorg/gradle/launcher/daemon/server/api/DaemonCommandExecution;)V+49
j  org.gradle.launcher.daemon.server.api.DaemonCommandExecution.proceed()Z+23
j  org.gradle.launcher.daemon.server.exec.EstablishBuildEnvironment.doBuild(Lorg/gradle/launcher/daemon/server/api/DaemonCommandExecution;Lorg/gradle/launcher/daemon/protocol/Build;)V+356
j  org.gradle.launcher.daemon.server.exec.BuildCommandOnly.execute(Lorg/gradle/launcher/daemon/server/api/DaemonCommandExecution;)V+49
j  org.gradle.launcher.daemon.server.api.DaemonCommandExecution.proceed()Z+23
j  org.gradle.launcher.daemon.server.exec.StartBuildOrRespondWithBusy$1.run()V+44
j  org.gradle.launcher.daemon.server.DaemonStateCoordinator$1.run()V+4
j  org.gradle.internal.concurrent.ExecutorPolicy$CatchAndRecordFailures.onExecute(Ljava/lang/Runnable;)V+1
j  org.gradle.internal.concurrent.ManagedExecutorImpl$1.run()V+25
j  java.util.concurrent.ThreadPoolExecutor.runWorker(Ljava/util/concurrent/ThreadPoolExecutor$Worker;)V+95
j  java.util.concurrent.ThreadPoolExecutor$Worker.run()V+5
j  org.gradle.internal.concurrent.ThreadFactoryImpl$ManagedThreadRunnable.run()V+7
j  java.lang.Thread.run()V+11
v  ~StubRoutines::call_stub

---------------  P R O C E S S  ---------------

Java Threads: ( => current thread )
  0x000000005d8bb000 JavaThread "jar transforms Thread 92" [_thread_blocked, id=4712, stack(0x0000000068230000,0x0000000068330000)]
  0x000000005d8ba800 JavaThread "jar transforms Thread 91" [_thread_blocked, id=1332, stack(0x0000000068e60000,0x0000000068f60000)]
  0x000000005d8b9800 JavaThread "jar transforms Thread 90" [_thread_blocked, id=6452, stack(0x0000000068be0000,0x0000000068ce0000)]
  0x000000005d8b9000 JavaThread "jar transforms Thread 89" [_thread_blocked, id=6568, stack(0x00000000689b0000,0x0000000068ab0000)]
  0x000000005d8b8000 JavaThread "jar transforms Thread 88" [_thread_blocked, id=6752, stack(0x00000000688b0000,0x00000000689b0000)]
  0x000000005d8b7800 JavaThread "jar transforms Thread 87" [_thread_blocked, id=1528, stack(0x00000000686c0000,0x00000000687c0000)]
  0x000000005d8b6800 JavaThread "jar transforms Thread 86" [_thread_blocked, id=2416, stack(0x00000000684e0000,0x00000000685e0000)]
  0x000000005d8b6000 JavaThread "jar transforms Thread 85" [_thread_blocked, id=8184, stack(0x0000000067e50000,0x0000000067f50000)]
  0x000000005d8b5000 JavaThread "jar transforms Thread 84" [_thread_blocked, id=4716, stack(0x0000000068330000,0x0000000068430000)]
  0x000000005d8b4800 JavaThread "jar transforms Thread 83" [_thread_blocked, id=7940, stack(0x0000000068120000,0x0000000068220000)]
  0x000000005d930000 JavaThread "jar transforms Thread 82" [_thread_blocked, id=7916, stack(0x0000000067f90000,0x0000000068090000)]
  0x000000005d92f800 JavaThread "jar transforms Thread 81" [_thread_blocked, id=6056, stack(0x0000000067a20000,0x0000000067b20000)]
  0x000000005d92e800 JavaThread "jar transforms Thread 80" [_thread_blocked, id=5736, stack(0x0000000066380000,0x0000000066480000)]
  0x000000005d92e000 JavaThread "jar transforms Thread 79" [_thread_blocked, id=7920, stack(0x0000000067cf0000,0x0000000067df0000)]
  0x000000005d92d000 JavaThread "jar transforms Thread 78" [_thread_blocked, id=5296, stack(0x0000000067bc0000,0x0000000067cc0000)]
  0x000000005d92c800 JavaThread "jar transforms Thread 77" [_thread_blocked, id=5880, stack(0x0000000067910000,0x0000000067a10000)]
  0x000000005d92b800 JavaThread "jar transforms Thread 76" [_thread_blocked, id=4780, stack(0x0000000067710000,0x0000000067810000)]
  0x000000005d92b000 JavaThread "jar transforms Thread 75" [_thread_blocked, id=2876, stack(0x0000000066bb0000,0x0000000066cb0000)]
  0x000000005d92a000 JavaThread "jar transforms Thread 74" [_thread_blocked, id=6728, stack(0x0000000067530000,0x0000000067630000)]
  0x000000005d929800 JavaThread "jar transforms Thread 73" [_thread_blocked, id=4804, stack(0x00000000673d0000,0x00000000674d0000)]
  0x000000005d928800 JavaThread "jar transforms Thread 72" [_thread_blocked, id=5820, stack(0x0000000067240000,0x0000000067340000)]
  0x000000005d928000 JavaThread "jar transforms Thread 71" [_thread_blocked, id=6004, stack(0x0000000067110000,0x0000000067210000)]
  0x000000005d927000 JavaThread "jar transforms Thread 70" [_thread_blocked, id=4512, stack(0x0000000067010000,0x0000000067110000)]
  0x000000005d926800 JavaThread "jar transforms Thread 69" [_thread_blocked, id=5796, stack(0x0000000066ed0000,0x0000000066fd0000)]
  0x000000005d925800 JavaThread "jar transforms Thread 68" [_thread_blocked, id=7084, stack(0x0000000066cf0000,0x0000000066df0000)]
  0x000000005d925000 JavaThread "jar transforms Thread 67" [_thread_blocked, id=6316, stack(0x0000000066790000,0x0000000066890000)]
  0x000000005d924000 JavaThread "jar transforms Thread 66" [_thread_blocked, id=5832, stack(0x0000000065fe0000,0x00000000660e0000)]
  0x000000005d923800 JavaThread "jar transforms Thread 65" [_thread_blocked, id=6812, stack(0x0000000066a20000,0x0000000066b20000)]
  0x000000005d922800 JavaThread "jar transforms Thread 64" [_thread_blocked, id=7100, stack(0x00000000668d0000,0x00000000669d0000)]
  0x000000005d922000 JavaThread "jar transforms Thread 63" [_thread_blocked, id=6712, stack(0x0000000066640000,0x0000000066740000)]
  0x000000005d921000 JavaThread "jar transforms Thread 62" [_thread_blocked, id=7128, stack(0x0000000066480000,0x0000000066580000)]
  0x000000005b9fc800 JavaThread "jar transforms Thread 61" [_thread_blocked, id=872, stack(0x0000000065b90000,0x0000000065c90000)]
  0x000000005b9fb800 JavaThread "jar transforms Thread 60" [_thread_blocked, id=6504, stack(0x0000000066280000,0x0000000066380000)]
  0x000000005b9fb000 JavaThread "jar transforms Thread 59" [_thread_blocked, id=4856, stack(0x00000000660f0000,0x00000000661f0000)]
  0x000000005b9fa000 JavaThread "jar transforms Thread 58" [_thread_blocked, id=6240, stack(0x0000000065ee0000,0x0000000065fe0000)]
  0x000000005b9f9800 JavaThread "jar transforms Thread 57" [_thread_blocked, id=1832, stack(0x0000000065cf0000,0x0000000065df0000)]
  0x000000005b9f8800 JavaThread "jar transforms Thread 56" [_thread_blocked, id=7092, stack(0x0000000065a70000,0x0000000065b70000)]
  0x000000005b9f8000 JavaThread "jar transforms Thread 55" [_thread_blocked, id=3876, stack(0x0000000065850000,0x0000000065950000)]
  0x000000005b9f7000 JavaThread "jar transforms Thread 54" [_thread_blocked, id=1008, stack(0x0000000064c00000,0x0000000064d00000)]
  0x000000005b9f6800 JavaThread "jar transforms Thread 53" [_thread_blocked, id=6488, stack(0x0000000065970000,0x0000000065a70000)]
  0x000000005b9f5800 JavaThread "jar transforms Thread 52" [_thread_blocked, id=5724, stack(0x0000000064310000,0x0000000064410000)]
  0x000000005b9f4800 JavaThread "jar transforms Thread 51" [_thread_blocked, id=6492, stack(0x0000000065730000,0x0000000065830000)]
  0x000000005b9f4000 JavaThread "jar transforms Thread 50" [_thread_blocked, id=6912, stack(0x0000000065130000,0x0000000065230000)]
  0x000000005b9f3000 JavaThread "jar transforms Thread 49" [_thread_blocked, id=1188, stack(0x00000000655b0000,0x00000000656b0000)]
  0x000000005b9f2800 JavaThread "jar transforms Thread 48" [_thread_blocked, id=6772, stack(0x00000000653f0000,0x00000000654f0000)]
  0x000000005b9f1800 JavaThread "jar transforms Thread 47" [_thread_blocked, id=5888, stack(0x0000000065230000,0x0000000065330000)]
  0x000000005b9f1000 JavaThread "jar transforms Thread 46" [_thread_blocked, id=6388, stack(0x0000000064ff0000,0x00000000650f0000)]
  0x000000005b9f0000 JavaThread "jar transforms Thread 45" [_thread_blocked, id=6500, stack(0x0000000063580000,0x0000000063680000)]
  0x000000005b9ef800 JavaThread "jar transforms Thread 44" [_thread_blocked, id=3660, stack(0x0000000064e40000,0x0000000064f40000)]
  0x000000005b9ee800 JavaThread "jar transforms Thread 43" [_thread_blocked, id=5920, stack(0x0000000064510000,0x0000000064610000)]
  0x000000005b9ee000 JavaThread "jar transforms Thread 42" [_thread_blocked, id=5220, stack(0x0000000064d30000,0x0000000064e30000)]
  0x000000005b9ed000 JavaThread "jar transforms Thread 41" [_thread_blocked, id=6788, stack(0x0000000064af0000,0x0000000064bf0000)]
  0x000000005deb3000 JavaThread "jar transforms Thread 40" [_thread_blocked, id=4932, stack(0x0000000063f40000,0x0000000064040000)]
  0x000000005deb2800 JavaThread "jar transforms Thread 39" [_thread_blocked, id=2944, stack(0x00000000649c0000,0x0000000064ac0000)]
  0x000000005deb1800 JavaThread "jar transforms Thread 38" [_thread_blocked, id=3488, stack(0x00000000647e0000,0x00000000648e0000)]
  0x000000005deb1000 JavaThread "jar transforms Thread 37" [_thread_blocked, id=6360, stack(0x0000000064630000,0x0000000064730000)]
  0x000000005deb0000 JavaThread "jar transforms Thread 36" [_thread_blocked, id=5204, stack(0x000000005ccf0000,0x000000005cdf0000)]
  0x000000005deaf800 JavaThread "jar transforms Thread 35" [_thread_blocked, id=6224, stack(0x0000000064410000,0x0000000064510000)]
  0x000000005deae800 JavaThread "jar transforms Thread 34" [_thread_blocked, id=6436, stack(0x00000000641e0000,0x00000000642e0000)]
  0x000000005deae000 JavaThread "jar transforms Thread 33" [_thread_blocked, id=6924, stack(0x0000000064050000,0x0000000064150000)]
  0x000000005dead000 JavaThread "jar transforms Thread 32" [_thread_blocked, id=1148, stack(0x0000000063e40000,0x0000000063f40000)]
  0x000000005deac800 JavaThread "jar transforms Thread 31" [_thread_blocked, id=1000, stack(0x0000000063ca0000,0x0000000063da0000)]
  0x000000005deab800 JavaThread "jar transforms Thread 30" [_thread_blocked, id=4812, stack(0x00000000639e0000,0x0000000063ae0000)]
  0x000000005deab000 JavaThread "jar transforms Thread 29" [_thread_blocked, id=6796, stack(0x0000000063b00000,0x0000000063c00000)]
  0x000000005deaa000 JavaThread "jar transforms Thread 28" [_thread_blocked, id=5764, stack(0x0000000062cb0000,0x0000000062db0000)]
  0x000000005dea9800 JavaThread "jar transforms Thread 27" [_thread_blocked, id=6444, stack(0x0000000063880000,0x0000000063980000)]
  0x000000005dea8800 JavaThread "jar transforms Thread 26" [_thread_blocked, id=5808, stack(0x00000000636a0000,0x00000000637a0000)]
  0x000000005dea8000 JavaThread "jar transforms Thread 25" [_thread_blocked, id=7884, stack(0x0000000063480000,0x0000000063580000)]
  0x000000005dea7000 JavaThread "jar transforms Thread 24" [_thread_blocked, id=5840, stack(0x0000000063330000,0x0000000063430000)]
  0x000000005dea6800 JavaThread "jar transforms Thread 23" [_thread_blocked, id=4628, stack(0x0000000063170000,0x0000000063270000)]
  0x000000005dea5800 JavaThread "jar transforms Thread 22" [_thread_blocked, id=6404, stack(0x0000000062f80000,0x0000000063080000)]
  0x000000005dea5000 JavaThread "jar transforms Thread 21" [_thread_blocked, id=6420, stack(0x0000000061e20000,0x0000000061f20000)]
  0x000000005dea4000 JavaThread "jar transforms Thread 20" [_thread_blocked, id=2308, stack(0x0000000062de0000,0x0000000062ee0000)]
  0x0000000057244000 JavaThread "jar transforms Thread 19" [_thread_blocked, id=5828, stack(0x0000000062330000,0x0000000062430000)]
  0x0000000057243800 JavaThread "jar transforms Thread 18" [_thread_blocked, id=5900, stack(0x0000000062b70000,0x0000000062c70000)]
  0x0000000057242800 JavaThread "jar transforms Thread 17" [_thread_blocked, id=940, stack(0x0000000062a40000,0x0000000062b40000)]
  0x0000000057242000 JavaThread "jar transforms Thread 16" [_thread_blocked, id=4940, stack(0x0000000062930000,0x0000000062a30000)]
  0x0000000057241000 JavaThread "jar transforms Thread 15" [_thread_blocked, id=6408, stack(0x0000000061520000,0x0000000061620000)]
  0x0000000057240800 JavaThread "jar transforms Thread 14" [_thread_blocked, id=6428, stack(0x0000000061370000,0x0000000061470000)]
  0x000000005723f800 JavaThread "jar transforms Thread 13" [_thread_blocked, id=3180, stack(0x0000000059180000,0x0000000059280000)]
  0x000000005723f000 JavaThread "jar transforms Thread 12" [_thread_blocked, id=7068, stack(0x0000000062590000,0x0000000062690000)]
  0x000000005723e000 JavaThread "jar transforms Thread 11" [_thread_blocked, id=6720, stack(0x0000000062430000,0x0000000062530000)]
  0x000000005723d800 JavaThread "jar transforms Thread 10" [_thread_blocked, id=848, stack(0x0000000062200000,0x0000000062300000)]
  0x000000005723c800 JavaThread "jar transforms Thread 9" [_thread_blocked, id=4516, stack(0x00000000620f0000,0x00000000621f0000)]
  0x000000005723b800 JavaThread "jar transforms Thread 8" [_thread_blocked, id=5572, stack(0x0000000061f20000,0x0000000062020000)]
  0x000000005723b000 JavaThread "jar transforms Thread 7" [_thread_blocked, id=6932, stack(0x0000000061d00000,0x0000000061e00000)]
  0x000000005723a000 JavaThread "jar transforms Thread 6" [_thread_blocked, id=4200, stack(0x0000000061b40000,0x0000000061c40000)]
  0x0000000057239800 JavaThread "jar transforms Thread 5" [_thread_blocked, id=5012, stack(0x0000000061a10000,0x0000000061b10000)]
  0x0000000057238800 JavaThread "jar transforms Thread 4" [_thread_blocked, id=6768, stack(0x00000000617e0000,0x00000000618e0000)]
  0x0000000057238000 JavaThread "jar transforms Thread 3" [_thread_blocked, id=1904, stack(0x0000000061910000,0x0000000061a10000)]
  0x0000000057237000 JavaThread "jar transforms Thread 2" [_thread_blocked, id=1348, stack(0x00000000616b0000,0x00000000617b0000)]
  0x0000000057236800 JavaThread "Build operations Thread 8" [_thread_blocked, id=4652, stack(0x0000000060cc0000,0x0000000060dc0000)]
  0x0000000057235800 JavaThread "Build operations Thread 7" [_thread_blocked, id=3400, stack(0x0000000061090000,0x0000000061190000)]
  0x0000000057235000 JavaThread "Build operations Thread 6" [_thread_blocked, id=6896, stack(0x0000000060ee0000,0x0000000060fe0000)]
  0x00000000569ef800 JavaThread "Build operations Thread 5" [_thread_blocked, id=4788, stack(0x0000000060de0000,0x0000000060ee0000)]
  0x00000000569ee800 JavaThread "Build operations Thread 4" [_thread_blocked, id=2284, stack(0x00000000609f0000,0x0000000060af0000)]
  0x00000000569ee000 JavaThread "Build operations Thread 3" [_thread_blocked, id=4872, stack(0x0000000060b10000,0x0000000060c10000)]
  0x00000000569ed000 JavaThread "Build operations Thread 2" [_thread_blocked, id=4916, stack(0x0000000060870000,0x0000000060970000)]
  0x00000000569ec800 JavaThread "Build operations" [_thread_blocked, id=4432, stack(0x00000000600d0000,0x00000000601d0000)]
  0x00000000569eb800 JavaThread "Cache worker for Build Output Cleanup Cache (D:\AppSurvey\android\.gradle\buildOutputCleanup)" [_thread_blocked, id=4104, stack(0x000000005fe30000,0x000000005ff30000)]
  0x00000000569e9800 JavaThread "Cache worker for file content cache (C:\Users\ISP2\.gradle\caches\6.7\fileContent)" [_thread_blocked, id=7204, stack(0x000000005ff50000,0x0000000060050000)]
  0x00000000569e8800 JavaThread "jar transforms" [_thread_blocked, id=7924, stack(0x000000005f910000,0x000000005fa10000)]
  0x00000000569e7000 JavaThread "Cache worker for execution history cache (C:\Users\ISP2\.gradle\caches\6.7\executionHistory)" [_thread_blocked, id=7928, stack(0x000000005c4d0000,0x000000005c5d0000)]
  0x00000000569e6800 JavaThread "Cache worker for cache directory md-rule (C:\Users\ISP2\.gradle\caches\6.7\md-rule)" [_thread_blocked, id=7880, stack(0x000000005b2e0000,0x000000005b3e0000)]
  0x00000000569e5800 JavaThread "Cache worker for cache directory md-supplier (C:\Users\ISP2\.gradle\caches\6.7\md-supplier)" [_thread_blocked, id=7888, stack(0x000000005d140000,0x000000005d240000)]
  0x00000000569e5000 JavaThread "Cache worker for checksums cache (D:\AppSurvey\android\.gradle\checksums)" [_thread_blocked, id=7896, stack(0x000000005cdf0000,0x000000005cef0000)]
  0x00000000569e4000 JavaThread "Cache worker for file hash cache (D:\AppSurvey\android\.gradle\6.7\fileHashes)" [_thread_blocked, id=7908, stack(0x000000005cbf0000,0x000000005ccf0000)]
  0x00000000569e3800 JavaThread "Cache worker for journal cache (C:\Users\ISP2\.gradle\caches\journal-1)" [_thread_blocked, id=7904, stack(0x000000005c600000,0x000000005c700000)]
  0x00000000569e2800 JavaThread "File lock request listener" [_thread_in_native, id=7912, stack(0x000000005b400000,0x000000005b500000)]
  0x00000000569e2000 JavaThread "Cache worker for file hash cache (C:\Users\ISP2\.gradle\caches\6.7\fileHashes)" [_thread_blocked, id=7852, stack(0x0000000059990000,0x0000000059a90000)]
  0x000000005858f000 JavaThread "Thread-9" [_thread_blocked, id=7368, stack(0x000000005a010000,0x000000005a110000)]
  0x000000005857d800 JavaThread "Stdin handler" [_thread_blocked, id=7364, stack(0x0000000059ee0000,0x0000000059fe0000)]
  0x0000000058533000 JavaThread "Asynchronous log dispatcher for DefaultDaemonConnection: socket connection from /127.0.0.1:49433 to /127.0.0.1:49434" [_thread_blocked, id=7404, stack(0x0000000059d50000,0x0000000059e50000)]
=>0x0000000058100000 JavaThread "Daemon worker" [_thread_in_vm, id=7380, stack(0x0000000059c40000,0x0000000059d40000)]
  0x00000000580ff000 JavaThread "Cancel handler" [_thread_blocked, id=7388, stack(0x0000000059aa0000,0x0000000059ba0000)]
  0x00000000580fd000 JavaThread "Handler for socket connection from /127.0.0.1:49433 to /127.0.0.1:49434" [_thread_in_native, id=7448, stack(0x0000000059890000,0x0000000059990000)]
  0x0000000058521800 JavaThread "Daemon" [_thread_blocked, id=7452, stack(0x00000000593d0000,0x00000000594d0000)]
  0x00000000584bd800 JavaThread "Daemon periodic checks" [_thread_blocked, id=7468, stack(0x0000000059500000,0x0000000059600000)]
  0x00000000584b7800 JavaThread "Incoming local TCP Connector on port 49433" [_thread_in_native, id=7476, stack(0x0000000059280000,0x0000000059380000)]
  0x00000000577f2000 JavaThread "Daemon health stats" [_thread_blocked, id=7296, stack(0x00000000588e0000,0x00000000589e0000)]
  0x0000000056a76000 JavaThread "Service Thread" daemon [_thread_blocked, id=7496, stack(0x0000000056e20000,0x0000000056f20000)]
  0x00000000569e0800 JavaThread "C1 CompilerThread3" daemon [_thread_blocked, id=7492, stack(0x0000000055d70000,0x0000000055e70000)]
  0x0000000054232800 JavaThread "C2 CompilerThread2" daemon [_thread_blocked, id=7516, stack(0x00000000568e0000,0x00000000569e0000)]
  0x000000005422c800 JavaThread "C2 CompilerThread1" daemon [_thread_blocked, id=7512, stack(0x00000000566f0000,0x00000000567f0000)]
  0x0000000054227000 JavaThread "C2 CompilerThread0" daemon [_thread_blocked, id=7508, stack(0x0000000056530000,0x0000000056630000)]
  0x0000000054221000 JavaThread "Attach Listener" daemon [_thread_blocked, id=7504, stack(0x0000000056400000,0x0000000056500000)]
  0x000000005421f800 JavaThread "Signal Dispatcher" daemon [_thread_blocked, id=7500, stack(0x0000000056220000,0x0000000056320000)]
  0x00000000541fa800 JavaThread "Finalizer" daemon [_thread_blocked, id=7548, stack(0x0000000056110000,0x0000000056210000)]
  0x00000000541f0800 JavaThread "Reference Handler" daemon [_thread_blocked, id=7524, stack(0x0000000056000000,0x0000000056100000)]
  0x00000000003f9000 JavaThread "main" [_thread_blocked, id=7480, stack(0x00000000021f0000,0x00000000022f0000)]

Other Threads:
  0x00000000120bf800 VMThread [stack: 0x0000000055e70000,0x0000000055f70000] [id=7584]
  0x0000000056a91000 WatcherThread [stack: 0x0000000056fc0000,0x00000000570c0000] [id=7488]

VM state:not at safepoint (normal execution)

VM Mutex/Monitor currently owned by a thread: None

heap address: 0x00000000e0000000, size: 512 MB, Compressed Oops mode: 32-bit
Narrow klass base: 0x0000000000000000, Narrow klass shift: 0
Compressed class space size: 1073741824 Address: 0x0000000013660000

Heap:
 PSYoungGen      total 72192K, used 25928K [0x00000000f5580000, 0x00000000faa80000, 0x0000000100000000)
  eden space 61440K, 25% used [0x00000000f5580000,0x00000000f64a02a8,0x00000000f9180000)
  from space 10752K, 97% used [0x00000000f9180000,0x00000000f9bb1e28,0x00000000f9c00000)
  to   space 13312K, 0% used [0x00000000f9d80000,0x00000000f9d80000,0x00000000faa80000)
 ParOldGen       total 175104K, used 18030K [0x00000000e0000000, 0x00000000eab00000, 0x00000000f5580000)
  object space 175104K, 10% used [0x00000000e0000000,0x00000000e119b930,0x00000000eab00000)
 Metaspace       used 46618K, capacity 48564K, committed 48896K, reserved 1091584K
  class space    used 6385K, capacity 6825K, committed 6912K, reserved 1048576K

Card table byte_map: [0x0000000001ec0000,0x0000000001fd0000] byte_map_base: 0x00000000017c0000

Marking Bits: (ParMarkBitMap*) 0x000000006acd6ff0
 Begin Bits: [0x0000000012660000, 0x0000000012e60000)
 End Bits:   [0x0000000012e60000, 0x0000000013660000)

Polling page: 0x0000000000340000

CodeCache: size=245760Kb used=13716Kb max_used=14190Kb free=232043Kb
 bounds [0x00000000025c0000, 0x00000000033b0000, 0x00000000115c0000]
 total_blobs=4890 nmethods=4126 adapters=675
 compilation: enabled

Compilation events (10 events):
Event: 39.620 Thread 0x00000000569e0800 4523       3       kotlin.reflect.jvm.internal.impl.name.FqNameUnsafe::isRoot (8 bytes)
Event: 39.621 Thread 0x00000000569e0800 nmethod 4523 0x0000000002938d10 code [0x0000000002938e80, 0x0000000002939110]
Event: 39.639 Thread 0x00000000569e0800 4524       3       kotlin.reflect.jvm.internal.impl.name.FqName::asString (16 bytes)
Event: 39.639 Thread 0x00000000569e0800 nmethod 4524 0x0000000002d05690 code [0x0000000002d05820, 0x0000000002d05b38]
Event: 39.639 Thread 0x00000000569e0800 4526       3       kotlin.reflect.jvm.internal.impl.name.FqName::toUnsafe (13 bytes)
Event: 39.639 Thread 0x00000000569e0800 nmethod 4526 0x0000000002d052d0 code [0x0000000002d05440, 0x0000000002d05608]
Event: 39.639 Thread 0x00000000569e0800 4525       3       kotlin.reflect.jvm.internal.impl.name.FqNameUnsafe::asString (13 bytes)
Event: 39.639 Thread 0x00000000569e0800 nmethod 4525 0x000000000285b890 code [0x000000000285ba00, 0x000000000285bbc8]
Event: 39.767 Thread 0x000000005422c800 4527       4       java.util.AbstractCollection::toArray (147 bytes)
Event: 39.769 Thread 0x000000005422c800 nmethod 4527 0x000000000285b250 code [0x000000000285b3a0, 0x000000000285b618]

GC Heap History (10 events):
Event: 17.632 GC heap before
{Heap before GC invocations=7 (full 1):
 PSYoungGen      total 74752K, used 68673K [0x00000000f5580000, 0x00000000fac00000, 0x0000000100000000)
  eden space 64000K, 94% used [0x00000000f5580000,0x00000000f90c3250,0x00000000f9400000)
  from space 10752K, 74% used [0x00000000f9580000,0x00000000f9d4d3e0,0x00000000fa000000)
  to   space 12288K, 0% used [0x00000000fa000000,0x00000000fa000000,0x00000000fac00000)
 ParOldGen       total 175104K, used 7914K [0x00000000e0000000, 0x00000000eab00000, 0x00000000f5580000)
  object space 175104K, 4% used [0x00000000e0000000,0x00000000e07ba970,0x00000000eab00000)
 Metaspace       used 34414K, capacity 35354K, committed 35456K, reserved 1079296K
  class space    used 4710K, capacity 4953K, committed 4992K, reserved 1048576K
Event: 17.651 GC heap after
Heap after GC invocations=7 (full 1):
 PSYoungGen      total 74752K, used 11490K [0x00000000f5580000, 0x00000000fac80000, 0x0000000100000000)
  eden space 62464K, 0% used [0x00000000f5580000,0x00000000f5580000,0x00000000f9280000)
  from space 12288K, 93% used [0x00000000fa000000,0x00000000fab388e0,0x00000000fac00000)
  to   space 13312K, 0% used [0x00000000f9280000,0x00000000f9280000,0x00000000f9f80000)
 ParOldGen       total 175104K, used 7922K [0x00000000e0000000, 0x00000000eab00000, 0x00000000f5580000)
  object space 175104K, 4% used [0x00000000e0000000,0x00000000e07bc970,0x00000000eab00000)
 Metaspace       used 34414K, capacity 35354K, committed 35456K, reserved 1079296K
  class space    used 4710K, capacity 4953K, committed 4992K, reserved 1048576K
}
Event: 17.651 GC heap before
{Heap before GC invocations=8 (full 2):
 PSYoungGen      total 74752K, used 11490K [0x00000000f5580000, 0x00000000fac80000, 0x0000000100000000)
  eden space 62464K, 0% used [0x00000000f5580000,0x00000000f5580000,0x00000000f9280000)
  from space 12288K, 93% used [0x00000000fa000000,0x00000000fab388e0,0x00000000fac00000)
  to   space 13312K, 0% used [0x00000000f9280000,0x00000000f9280000,0x00000000f9f80000)
 ParOldGen       total 175104K, used 7922K [0x00000000e0000000, 0x00000000eab00000, 0x00000000f5580000)
  object space 175104K, 4% used [0x00000000e0000000,0x00000000e07bc970,0x00000000eab00000)
 Metaspace       used 34414K, capacity 35354K, committed 35456K, reserved 1079296K
  class space    used 4710K, capacity 4953K, committed 4992K, reserved 1048576K
Event: 17.706 GC heap after
Heap after GC invocations=8 (full 2):
 PSYoungGen      total 74752K, used 0K [0x00000000f5580000, 0x00000000fac80000, 0x0000000100000000)
  eden space 62464K, 0% used [0x00000000f5580000,0x00000000f5580000,0x00000000f9280000)
  from space 12288K, 0% used [0x00000000fa000000,0x00000000fa000000,0x00000000fac00000)
  to   space 13312K, 0% used [0x00000000f9280000,0x00000000f9280000,0x00000000f9f80000)
 ParOldGen       total 175104K, used 18014K [0x00000000e0000000, 0x00000000eab00000, 0x00000000f5580000)
  object space 175104K, 10% used [0x00000000e0000000,0x00000000e1197930,0x00000000eab00000)
 Metaspace       used 34410K, capacity 35348K, committed 35456K, reserved 1079296K
  class space    used 4709K, capacity 4951K, committed 4992K, reserved 1048576K
}
Event: 19.877 GC heap before
{Heap before GC invocations=9 (full 2):
 PSYoungGen      total 74752K, used 62464K [0x00000000f5580000, 0x00000000fac80000, 0x0000000100000000)
  eden space 62464K, 100% used [0x00000000f5580000,0x00000000f9280000,0x00000000f9280000)
  from space 12288K, 0% used [0x00000000fa000000,0x00000000fa000000,0x00000000fac00000)
  to   space 13312K, 0% used [0x00000000f9280000,0x00000000f9280000,0x00000000f9f80000)
 ParOldGen       total 175104K, used 18014K [0x00000000e0000000, 0x00000000eab00000, 0x00000000f5580000)
  object space 175104K, 10% used [0x00000000e0000000,0x00000000e1197930,0x00000000eab00000)
 Metaspace       used 37704K, capacity 38842K, committed 39040K, reserved 1083392K
  class space    used 5189K, capacity 5473K, committed 5504K, reserved 1048576K
Event: 19.885 GC heap after
Heap after GC invocations=9 (full 2):
 PSYoungGen      total 67072K, used 5820K [0x00000000f5580000, 0x00000000fab00000, 0x0000000100000000)
  eden space 60928K, 0% used [0x00000000f5580000,0x00000000f5580000,0x00000000f9100000)
  from space 6144K, 94% used [0x00000000f9280000,0x00000000f982f010,0x00000000f9880000)
  to   space 13312K, 0% used [0x00000000f9e00000,0x00000000f9e00000,0x00000000fab00000)
 ParOldGen       total 175104K, used 18014K [0x00000000e0000000, 0x00000000eab00000, 0x00000000f5580000)
  object space 175104K, 10% used [0x00000000e0000000,0x00000000e1197930,0x00000000eab00000)
 Metaspace       used 37704K, capacity 38842K, committed 39040K, reserved 1083392K
  class space    used 5189K, capacity 5473K, committed 5504K, reserved 1048576K
}
Event: 23.481 GC heap before
{Heap before GC invocations=10 (full 2):
 PSYoungGen      total 67072K, used 66748K [0x00000000f5580000, 0x00000000fab00000, 0x0000000100000000)
  eden space 60928K, 100% used [0x00000000f5580000,0x00000000f9100000,0x00000000f9100000)
  from space 6144K, 94% used [0x00000000f9280000,0x00000000f982f010,0x00000000f9880000)
  to   space 13312K, 0% used [0x00000000f9e00000,0x00000000f9e00000,0x00000000fab00000)
 ParOldGen       total 175104K, used 18014K [0x00000000e0000000, 0x00000000eab00000, 0x00000000f5580000)
  object space 175104K, 10% used [0x00000000e0000000,0x00000000e1197930,0x00000000eab00000)
 Metaspace       used 40646K, capacity 42214K, committed 42368K, reserved 1085440K
  class space    used 5614K, capacity 5965K, committed 6016K, reserved 1048576K
Event: 23.489 GC heap after
Heap after GC invocations=10 (full 2):
 PSYoungGen      total 74240K, used 7651K [0x00000000f5580000, 0x00000000faa80000, 0x0000000100000000)
  eden space 61440K, 0% used [0x00000000f5580000,0x00000000f5580000,0x00000000f9180000)
  from space 12800K, 59% used [0x00000000f9e00000,0x00000000fa578dc8,0x00000000faa80000)
  to   space 12800K, 0% used [0x00000000f9180000,0x00000000f9180000,0x00000000f9e00000)
 ParOldGen       total 175104K, used 18022K [0x00000000e0000000, 0x00000000eab00000, 0x00000000f5580000)
  object space 175104K, 10% used [0x00000000e0000000,0x00000000e1199930,0x00000000eab00000)
 Metaspace       used 40646K, capacity 42214K, committed 42368K, reserved 1085440K
  class space    used 5614K, capacity 5965K, committed 6016K, reserved 1048576K
}
Event: 36.410 GC heap before
{Heap before GC invocations=11 (full 2):
 PSYoungGen      total 74240K, used 69091K [0x00000000f5580000, 0x00000000faa80000, 0x0000000100000000)
  eden space 61440K, 100% used [0x00000000f5580000,0x00000000f9180000,0x00000000f9180000)
  from space 12800K, 59% used [0x00000000f9e00000,0x00000000fa578dc8,0x00000000faa80000)
  to   space 12800K, 0% used [0x00000000f9180000,0x00000000f9180000,0x00000000f9e00000)
 ParOldGen       total 175104K, used 18022K [0x00000000e0000000, 0x00000000eab00000, 0x00000000f5580000)
  object space 175104K, 10% used [0x00000000e0000000,0x00000000e1199930,0x00000000eab00000)
 Metaspace       used 44304K, capacity 46136K, committed 46208K, reserved 1089536K
  class space    used 6105K, capacity 6525K, committed 6528K, reserved 1048576K
Event: 36.417 GC heap after
Heap after GC invocations=11 (full 2):
 PSYoungGen      total 72192K, used 10439K [0x00000000f5580000, 0x00000000faa80000, 0x0000000100000000)
  eden space 61440K, 0% used [0x00000000f5580000,0x00000000f5580000,0x00000000f9180000)
  from space 10752K, 97% used [0x00000000f9180000,0x00000000f9bb1e28,0x00000000f9c00000)
  to   space 13312K, 0% used [0x00000000f9d80000,0x00000000f9d80000,0x00000000faa80000)
 ParOldGen       total 175104K, used 18030K [0x00000000e0000000, 0x00000000eab00000, 0x00000000f5580000)
  object space 175104K, 10% used [0x00000000e0000000,0x00000000e119b930,0x00000000eab00000)
 Metaspace       used 44304K, capacity 46136K, committed 46208K, reserved 1089536K
  class space    used 6105K, capacity 6525K, committed 6528K, reserved 1048576K
}

Deoptimization events (10 events):
Event: 32.392 Thread 0x0000000058100000 Uncommon trap: reason=bimorphic action=maybe_recompile pc=0x0000000002b3c964 method=java.lang.ClassLoader.getPackage(Ljava/lang/String;)Ljava/lang/Package; @ 47
Event: 35.447 Thread 0x0000000058100000 Uncommon trap: reason=class_check action=maybe_recompile pc=0x0000000003171280 method=java.io.BufferedInputStream.read1([BII)I @ 39
Event: 35.455 Thread 0x0000000058100000 Uncommon trap: reason=class_check action=maybe_recompile pc=0x0000000003171280 method=java.io.BufferedInputStream.read1([BII)I @ 39
Event: 35.455 Thread 0x0000000058100000 Uncommon trap: reason=class_check action=maybe_recompile pc=0x0000000003171280 method=java.io.BufferedInputStream.read1([BII)I @ 39
Event: 35.647 Thread 0x0000000058100000 Uncommon trap: reason=bimorphic action=maybe_recompile pc=0x0000000002e2a274 method=java.util.AbstractCollection.addAll(Ljava/util/Collection;)Z @ 29
Event: 35.673 Thread 0x0000000058100000 Uncommon trap: reason=bimorphic action=maybe_recompile pc=0x0000000002e2a274 method=java.util.AbstractCollection.addAll(Ljava/util/Collection;)Z @ 29
Event: 38.068 Thread 0x0000000058100000 Uncommon trap: reason=unstable_if action=reinterpret pc=0x0000000002faef4c method=org.objectweb.asm.ByteVector.putUTF8(Ljava/lang/String;)Lorg/objectweb/asm/ByteVector; @ 93
Event: 38.077 Thread 0x0000000058100000 Uncommon trap: reason=unstable_if action=reinterpret pc=0x0000000002bcbd40 method=org.objectweb.asm.ByteVector.putUTF8(Ljava/lang/String;)Lorg/objectweb/asm/ByteVector; @ 93
Event: 39.064 Thread 0x0000000058100000 Uncommon trap: reason=predicate action=maybe_recompile pc=0x0000000002f7c750 method=java.util.Arrays.binarySearch0([Ljava/lang/Object;IILjava/lang/Object;Ljava/util/Comparator;)I @ 28
Event: 39.882 Thread 0x0000000058100000 Uncommon trap: reason=predicate action=maybe_recompile pc=0x000000000285b5a8 method=java.util.AbstractCollection.toArray([Ljava/lang/Object;)[Ljava/lang/Object; @ 49

Classes redefined (0 events):
No events

Internal exceptions (10 events):
Event: 31.954 Thread 0x0000000058100000 Exception <a 'java/lang/ClassNotFoundException': org/gradle/api/internal/artifacts/repositories/AbstractAuthenticationSupportedRepositoryBeanInfo> (0x00000000f6fa3b98) thrown at [C:\jenkins\workspace\8-2-build-windows-amd64-cygwin\jdk8u281\880\hotspot\src
Event: 31.955 Thread 0x0000000058100000 Exception <a 'java/lang/ClassNotFoundException': org/gradle/api/internal/artifacts/repositories/AbstractResolutionAwareArtifactRepositoryBeanInfo> (0x00000000f701e9d0) thrown at [C:\jenkins\workspace\8-2-build-windows-amd64-cygwin\jdk8u281\880\hotspot\src
Event: 31.955 Thread 0x0000000058100000 Exception <a 'java/lang/ClassNotFoundException': org/gradle/api/internal/artifacts/repositories/AbstractArtifactRepositoryBeanInfo> (0x00000000f708afb0) thrown at [C:\jenkins\workspace\8-2-build-windows-amd64-cygwin\jdk8u281\880\hotspot\src\share\vm\class
Event: 31.956 Thread 0x0000000058100000 Exception <a 'java/lang/ClassNotFoundException': org/gradle/api/internal/artifacts/repositories/AbstractArtifactRepositoryCustomizer> (0x00000000f70fafd8) thrown at [C:\jenkins\workspace\8-2-build-windows-amd64-cygwin\jdk8u281\880\hotspot\src\share\vm\cla
Event: 31.958 Thread 0x0000000058100000 Exception <a 'java/lang/ClassNotFoundException': org/gradle/api/internal/artifacts/repositories/AbstractResolutionAwareArtifactRepositoryCustomizer> (0x00000000f7198ed0) thrown at [C:\jenkins\workspace\8-2-build-windows-amd64-cygwin\jdk8u281\880\hotspot\s
Event: 31.959 Thread 0x0000000058100000 Exception <a 'java/lang/ClassNotFoundException': org/gradle/api/internal/artifacts/repositories/AbstractAuthenticationSupportedRepositoryCustomizer> (0x00000000f721dd10) thrown at [C:\jenkins\workspace\8-2-build-windows-amd64-cygwin\jdk8u281\880\hotspot\s
Event: 31.960 Thread 0x0000000058100000 Exception <a 'java/lang/ClassNotFoundException': org/gradle/api/internal/artifacts/repositories/DefaultMavenArtifactRepositoryCustomizer> (0x00000000f72a63f8) thrown at [C:\jenkins\workspace\8-2-build-windows-amd64-cygwin\jdk8u281\880\hotspot\src\share\vm
Event: 31.961 Thread 0x0000000058100000 Exception <a 'java/lang/ClassNotFoundException': org/gradle/api/internal/artifacts/repositories/DefaultMavenArtifactRepository_DecoratedCustomizer> (0x00000000f7341b80) thrown at [C:\jenkins\workspace\8-2-build-windows-amd64-cygwin\jdk8u281\880\hotspot\sr
Event: 32.389 Thread 0x0000000058100000 Exception <a 'java/lang/ClassNotFoundException': build_472io05qw4blkn9sfrezzp4rbBeanInfo> (0x00000000f763b878) thrown at [C:\jenkins\workspace\8-2-build-windows-amd64-cygwin\jdk8u281\880\hotspot\src\share\vm\classfile\systemDictionary.cpp, line 212]
Event: 32.390 Thread 0x0000000058100000 Exception <a 'java/lang/ClassNotFoundException': build_472io05qw4blkn9sfrezzp4rbCustomizer> (0x00000000f7648088) thrown at [C:\jenkins\workspace\8-2-build-windows-amd64-cygwin\jdk8u281\880\hotspot\src\share\vm\classfile\systemDictionary.cpp, line 212]

Events (10 events):
Event: 40.080 loading class com/google/protobuf/Internal$ListAdapter$Converter
Event: 40.080 loading class com/google/protobuf/Internal$ListAdapter$Converter done
Event: 40.081 loading class com/google/wireless/android/sdk/stats/GradleBuildProjectMetricsOrBuilder
Event: 40.081 loading class com/google/wireless/android/sdk/stats/GradleBuildProjectMetricsOrBuilder done
Event: 40.110 loading class com/google/wireless/android/sdk/stats/GradleBuildSplitsOrBuilder
Event: 40.110 loading class com/google/wireless/android/sdk/stats/GradleBuildSplitsOrBuilder done
Event: 40.117 loading class com/google/wireless/android/sdk/stats/GradleProjectOptionsSettingsOrBuilder
Event: 40.117 loading class com/google/wireless/android/sdk/stats/GradleProjectOptionsSettingsOrBuilder done
Event: 40.144 loading class com/google/wireless/android/sdk/stats/GradleBuildProject$1
Event: 40.144 loading class com/google/wireless/android/sdk/stats/GradleBuildProject$1 done


Dynamic libraries:
0x000000013fdf0000 - 0x000000013fe37000 	C:\Program Files\Java\jdk1.8.0_281\bin\java.exe
0x0000000076e70000 - 0x0000000077019000 	C:\Windows\SYSTEM32\ntdll.dll
0x0000000076c50000 - 0x0000000076d6f000 	C:\Windows\system32\kernel32.dll
0x000007fefd100000 - 0x000007fefd16b000 	C:\Windows\system32\KERNELBASE.dll
0x000007fefea00000 - 0x000007fefeadb000 	C:\Windows\system32\ADVAPI32.dll
0x000007fefe780000 - 0x000007fefe81f000 	C:\Windows\system32\msvcrt.dll
0x000007feff160000 - 0x000007feff17f000 	C:\Windows\SYSTEM32\sechost.dll
0x000007fefe340000 - 0x000007fefe46d000 	C:\Windows\system32\RPCRT4.dll
0x0000000076d70000 - 0x0000000076e6a000 	C:\Windows\system32\USER32.dll
0x000007fefe5e0000 - 0x000007fefe647000 	C:\Windows\system32\GDI32.dll
0x000007fefe1b0000 - 0x000007fefe1be000 	C:\Windows\system32\LPK.dll
0x000007fefe6b0000 - 0x000007fefe779000 	C:\Windows\system32\USP10.dll
0x000007fefb580000 - 0x000007fefb774000 	C:\Windows\WinSxS\amd64_microsoft.windows.common-controls_6595b64144ccf1df_6.0.7601.17514_none_fa396087175ac9ac\COMCTL32.dll
0x000007fefee80000 - 0x000007fefeef1000 	C:\Windows\system32\SHLWAPI.dll
0x000007fefef20000 - 0x000007fefef4e000 	C:\Windows\system32\IMM32.DLL
0x000007fefd190000 - 0x000007fefd299000 	C:\Windows\system32\MSCTF.dll
0x000007fed85d0000 - 0x000007fed85e5000 	C:\Program Files\Java\jdk1.8.0_281\jre\bin\vcruntime140.dll
0x000007fedc8c0000 - 0x000007fedc8c4000 	C:\Windows\system32\api-ms-win-crt-runtime-l1-1-0.dll
0x000007fed7300000 - 0x000007fed73ec000 	C:\Windows\system32\ucrtbase.DLL
0x000007fedc930000 - 0x000007fedc933000 	C:\Windows\system32\api-ms-win-core-timezone-l1-1-0.dll
0x000007fedc310000 - 0x000007fedc313000 	C:\Windows\system32\api-ms-win-core-file-l2-1-0.dll
0x000007fedc630000 - 0x000007fedc633000 	C:\Windows\system32\api-ms-win-core-localization-l1-2-0.dll
0x000007fedc5f0000 - 0x000007fedc5f3000 	C:\Windows\system32\api-ms-win-core-synch-l1-2-0.dll
0x000007fedc2e0000 - 0x000007fedc2e3000 	C:\Windows\system32\api-ms-win-core-processthreads-l1-1-1.dll
0x000007fed8b10000 - 0x000007fed8b13000 	C:\Windows\system32\api-ms-win-core-file-l1-2-0.dll
0x000007fed8b00000 - 0x000007fed8b03000 	C:\Windows\system32\api-ms-win-crt-heap-l1-1-0.dll
0x000007fed5a30000 - 0x000007fed5a34000 	C:\Windows\system32\api-ms-win-crt-string-l1-1-0.dll
0x000007fed5a20000 - 0x000007fed5a24000 	C:\Windows\system32\api-ms-win-crt-stdio-l1-1-0.dll
0x000007fed5a10000 - 0x000007fed5a14000 	C:\Windows\system32\api-ms-win-crt-convert-l1-1-0.dll
0x000007fed5780000 - 0x000007fed581b000 	C:\Program Files\Java\jdk1.8.0_281\jre\bin\msvcp140.dll
0x000007fed5770000 - 0x000007fed5773000 	C:\Windows\system32\api-ms-win-crt-locale-l1-1-0.dll
0x000007fed5760000 - 0x000007fed5765000 	C:\Windows\system32\api-ms-win-crt-math-l1-1-0.dll
0x000007fed5750000 - 0x000007fed5753000 	C:\Windows\system32\api-ms-win-crt-filesystem-l1-1-0.dll
0x000007fed5740000 - 0x000007fed5743000 	C:\Windows\system32\api-ms-win-crt-time-l1-1-0.dll
0x000007fed5730000 - 0x000007fed5733000 	C:\Windows\system32\api-ms-win-crt-environment-l1-1-0.dll
0x000007fed5710000 - 0x000007fed5713000 	C:\Windows\system32\api-ms-win-crt-utility-l1-1-0.dll
0x000000006a4f0000 - 0x000000006ad4f000 	C:\Program Files\Java\jdk1.8.0_281\jre\bin\server\jvm.dll
0x000007fefa760000 - 0x000007fefa769000 	C:\Windows\system32\WSOCK32.dll
0x000007fefe1c0000 - 0x000007fefe20d000 	C:\Windows\system32\WS2_32.dll
0x000007fefe4f0000 - 0x000007fefe4f8000 	C:\Windows\system32\NSI.dll
0x000007fef84d0000 - 0x000007fef850b000 	C:\Windows\system32\WINMM.dll
0x000007fefbf00000 - 0x000007fefbf0c000 	C:\Windows\system32\VERSION.dll
0x0000000077040000 - 0x0000000077047000 	C:\Windows\system32\PSAPI.DLL
0x000007fed5720000 - 0x000007fed5730000 	C:\Program Files\Java\jdk1.8.0_281\jre\bin\verify.dll
0x000007fed56b0000 - 0x000007fed56db000 	C:\Program Files\Java\jdk1.8.0_281\jre\bin\java.dll
0x000007fed56f0000 - 0x000007fed5708000 	C:\Program Files\Java\jdk1.8.0_281\jre\bin\zip.dll
0x000007fefd2a0000 - 0x000007fefe028000 	C:\Windows\system32\SHELL32.dll
0x000007fefef50000 - 0x000007feff153000 	C:\Windows\system32\ole32.dll
0x000007fefcdc0000 - 0x000007fefcdcf000 	C:\Windows\system32\profapi.dll
0x000007fed5690000 - 0x000007fed56ac000 	C:\Program Files\Java\jdk1.8.0_281\jre\bin\net.dll
0x000007fefc630000 - 0x000007fefc685000 	C:\Windows\system32\mswsock.dll
0x000007fefc620000 - 0x000007fefc627000 	C:\Windows\System32\wship6.dll
0x000007fed5670000 - 0x000007fed5683000 	C:\Program Files\Java\jdk1.8.0_281\jre\bin\nio.dll
0x000007fed5610000 - 0x000007fed5636000 	C:\Users\ISP2\.gradle\native\fdc75f09e3144964f2cf3f50f0aa648679c211496f362492102eb8c894070792\windows-amd64\native-platform.dll
0x000007fed5470000 - 0x000007fed5601000 	C:\Users\ISP2\.gradle\native\12488b8bf47d2d4c9fbf2f6322a914ad602e24e48041cd04a747c6da556b65c4\windows-amd64\native-platform-file-events.dll
0x000007fed5660000 - 0x000007fed566d000 	C:\Program Files\Java\jdk1.8.0_281\jre\bin\management.dll
0x000007fefc690000 - 0x000007fefc6a7000 	C:\Windows\system32\CRYPTSP.dll
0x000007fefc390000 - 0x000007fefc3d7000 	C:\Windows\system32\rsaenh.dll
0x000007fefc110000 - 0x000007fefc12e000 	C:\Windows\system32\USERENV.dll
0x000007fefccf0000 - 0x000007fefccff000 	C:\Windows\system32\CRYPTBASE.dll
0x000007fefa440000 - 0x000007fefa467000 	C:\Windows\system32\IPHLPAPI.DLL
0x000007fefa430000 - 0x000007fefa43b000 	C:\Windows\system32\WINNSI.DLL
0x000007fefa240000 - 0x000007fefa251000 	C:\Windows\system32\dhcpcsvc6.DLL
0x000007fefa220000 - 0x000007fefa238000 	C:\Windows\system32\dhcpcsvc.DLL
0x000007fefcc90000 - 0x000007fefcce7000 	C:\Windows\system32\apphelp.dll
0x000007fee0d70000 - 0x000007fee0e95000 	C:\Windows\system32\dbghelp.dll

VM Arguments:
jvm_args: -XX:MaxMetaspaceSize=256m -XX:+HeapDumpOnOutOfMemoryError -Xms256m -Xmx512m -Dfile.encoding=windows-1252 -Duser.country=US -Duser.language=en -Duser.variant 
java_command: org.gradle.launcher.daemon.bootstrap.GradleDaemon 6.7
java_class_path (initial): C:\Users\ISP2\.gradle\wrapper\dists\gradle-6.7-all\cuy9mc7upwgwgeb72wkcrupxe\gradle-6.7\lib\gradle-launcher-6.7.jar
Launcher Type: SUN_STANDARD

Environment Variables:
JAVA_HOME=C:\Program Files\Java\jdk1.8.0_281
CLASSPATH=D:\AppSurvey\android\\gradle\wrapper\gradle-wrapper.jar
PATH=D:\AppSurvey\android\node_modules\.bin;D:\AppSurvey\node_modules\.bin;D:\node_modules\.bin;C:\Program Files\nodejs;D:\AppSurvey\node_modules\.bin;C:\Program Files (x86)\Common Files\Oracle\Java\javapath;C:\Program Files (x86)\AMD APP\bin\x86_64;C:\Program Files (x86)\AMD APP\bin\x86;C:\Program Files (x86)\Intel\iCLS Client\;C:\Program Files\Intel\iCLS Client\;C:\Windows\system32;C:\Windows;C:\Windows\System32\Wbem;C:\Windows\System32\WindowsPowerShell\v1.0\;C:\Program Files\Intel\Intel(R) Management Engine Components\DAL;C:\Program Files\Intel\Intel(R) Management Engine Components\IPT;C:\Program Files (x86)\Intel\Intel(R) Management Engine Components\DAL;C:\Program Files (x86)\Intel\Intel(R) Management Engine Components\IPT;C:\Program Files (x86)\ATI Technologies\ATI.ACE\Core-Static;C:\Program Files (x86)\Intel\OpenCL SDK\2.0\bin\x86;C:\Program Files (x86)\Intel\OpenCL SDK\2.0\bin\x64;C:\Program Files\nodejs\;C:\Program Files\Git\cmd;C:\Program Files\Microsoft VS Code\bin;C:\Users\ISP2\AppData\Roaming\npm;C:\Users\ISP2\AppData\Local\Android\Sdk\platform-tools
USERNAME=ISP2
OS=Windows_NT
PROCESSOR_IDENTIFIER=Intel64 Family 6 Model 42 Stepping 7, GenuineIntel



---------------  S Y S T E M  ---------------

OS: Windows 7 , 64 bit Build 7601 (6.1.7601.17514)

CPU:total 8 (initial active 8) (4 cores per cpu, 2 threads per core) family 6 model 42 stepping 7, cmov, cx8, fxsr, mmx, sse, sse2, sse3, ssse3, sse4.1, sse4.2, popcnt, avx, aes, clmul, ht, tsc, tscinvbit

Memory: 4k page, physical 16594760k(11484860k free), swap 32976916k(26956224k free)

vm_info: Java HotSpot(TM) 64-Bit Server VM (25.281-b09) for windows-amd64 JRE (1.8.0_281-b09), built on Dec  9 2020 13:54:07 by "" with MS VC++ 15.9 (VS2017)

time: Thu Mar 25 20:54:28 2021
timezone: SE Asia Standard Time
elapsed time: 40.272891 seconds (0d 0h 0m 40s)

